[nltk_data] Downloading package stopwords to
[nltk_data]     /home/bme001/20225898/nltk_data...
[nltk_data]   Package stopwords is already up-to-date!
isco88xgb.py:55: FutureWarning: The series.append method is deprecated and will be removed from pandas in a future version. Use pandas.concat instead.
  x_train= x_train.append(pd.Series(dataset.loc[class_index]['feature']))
isco88xgb.py:56: FutureWarning: The series.append method is deprecated and will be removed from pandas in a future version. Use pandas.concat instead.
  y_train = y_train.append(pd.Series(class_label))
isco88xgb.py:55: FutureWarning: The series.append method is deprecated and will be removed from pandas in a future version. Use pandas.concat instead.
  x_train= x_train.append(pd.Series(dataset.loc[class_index]['feature']))
isco88xgb.py:56: FutureWarning: The series.append method is deprecated and will be removed from pandas in a future version. Use pandas.concat instead.
  y_train = y_train.append(pd.Series(class_label))
isco88xgb.py:55: FutureWarning: The series.append method is deprecated and will be removed from pandas in a future version. Use pandas.concat instead.
  x_train= x_train.append(pd.Series(dataset.loc[class_index]['feature']))
isco88xgb.py:56: FutureWarning: The series.append method is deprecated and will be removed from pandas in a future version. Use pandas.concat instead.
  y_train = y_train.append(pd.Series(class_label))
isco88xgb.py:55: FutureWarning: The series.append method is deprecated and will be removed from pandas in a future version. Use pandas.concat instead.
  x_train= x_train.append(pd.Series(dataset.loc[class_index]['feature']))
isco88xgb.py:56: FutureWarning: The series.append method is deprecated and will be removed from pandas in a future version. Use pandas.concat instead.
  y_train = y_train.append(pd.Series(class_label))
isco88xgb.py:55: FutureWarning: The series.append method is deprecated and will be removed from pandas in a future version. Use pandas.concat instead.
  x_train= x_train.append(pd.Series(dataset.loc[class_index]['feature']))
isco88xgb.py:56: FutureWarning: The series.append method is deprecated and will be removed from pandas in a future version. Use pandas.concat instead.
  y_train = y_train.append(pd.Series(class_label))
isco88xgb.py:55: FutureWarning: The series.append method is deprecated and will be removed from pandas in a future version. Use pandas.concat instead.
  x_train= x_train.append(pd.Series(dataset.loc[class_index]['feature']))
isco88xgb.py:56: FutureWarning: The series.append method is deprecated and will be removed from pandas in a future version. Use pandas.concat instead.
  y_train = y_train.append(pd.Series(class_label))
isco88xgb.py:55: FutureWarning: The series.append method is deprecated and will be removed from pandas in a future version. Use pandas.concat instead.
  x_train= x_train.append(pd.Series(dataset.loc[class_index]['feature']))
isco88xgb.py:56: FutureWarning: The series.append method is deprecated and will be removed from pandas in a future version. Use pandas.concat instead.
  y_train = y_train.append(pd.Series(class_label))
isco88xgb.py:55: FutureWarning: The series.append method is deprecated and will be removed from pandas in a future version. Use pandas.concat instead.
  x_train= x_train.append(pd.Series(dataset.loc[class_index]['feature']))
isco88xgb.py:56: FutureWarning: The series.append method is deprecated and will be removed from pandas in a future version. Use pandas.concat instead.
  y_train = y_train.append(pd.Series(class_label))
isco88xgb.py:55: FutureWarning: The series.append method is deprecated and will be removed from pandas in a future version. Use pandas.concat instead.
  x_train= x_train.append(pd.Series(dataset.loc[class_index]['feature']))
isco88xgb.py:56: FutureWarning: The series.append method is deprecated and will be removed from pandas in a future version. Use pandas.concat instead.
  y_train = y_train.append(pd.Series(class_label))
isco88xgb.py:55: FutureWarning: The series.append method is deprecated and will be removed from pandas in a future version. Use pandas.concat instead.
  x_train= x_train.append(pd.Series(dataset.loc[class_index]['feature']))
isco88xgb.py:56: FutureWarning: The series.append method is deprecated and will be removed from pandas in a future version. Use pandas.concat instead.
  y_train = y_train.append(pd.Series(class_label))
isco88xgb.py:55: FutureWarning: The series.append method is deprecated and will be removed from pandas in a future version. Use pandas.concat instead.
  x_train= x_train.append(pd.Series(dataset.loc[class_index]['feature']))
isco88xgb.py:56: FutureWarning: The series.append method is deprecated and will be removed from pandas in a future version. Use pandas.concat instead.
  y_train = y_train.append(pd.Series(class_label))
isco88xgb.py:55: FutureWarning: The series.append method is deprecated and will be removed from pandas in a future version. Use pandas.concat instead.
  x_train= x_train.append(pd.Series(dataset.loc[class_index]['feature']))
isco88xgb.py:56: FutureWarning: The series.append method is deprecated and will be removed from pandas in a future version. Use pandas.concat instead.
  y_train = y_train.append(pd.Series(class_label))
isco88xgb.py:55: FutureWarning: The series.append method is deprecated and will be removed from pandas in a future version. Use pandas.concat instead.
  x_train= x_train.append(pd.Series(dataset.loc[class_index]['feature']))
isco88xgb.py:56: FutureWarning: The series.append method is deprecated and will be removed from pandas in a future version. Use pandas.concat instead.
  y_train = y_train.append(pd.Series(class_label))
isco88xgb.py:55: FutureWarning: The series.append method is deprecated and will be removed from pandas in a future version. Use pandas.concat instead.
  x_train= x_train.append(pd.Series(dataset.loc[class_index]['feature']))
isco88xgb.py:56: FutureWarning: The series.append method is deprecated and will be removed from pandas in a future version. Use pandas.concat instead.
  y_train = y_train.append(pd.Series(class_label))
isco88xgb.py:55: FutureWarning: The series.append method is deprecated and will be removed from pandas in a future version. Use pandas.concat instead.
  x_train= x_train.append(pd.Series(dataset.loc[class_index]['feature']))
isco88xgb.py:56: FutureWarning: The series.append method is deprecated and will be removed from pandas in a future version. Use pandas.concat instead.
  y_train = y_train.append(pd.Series(class_label))
isco88xgb.py:55: FutureWarning: The series.append method is deprecated and will be removed from pandas in a future version. Use pandas.concat instead.
  x_train= x_train.append(pd.Series(dataset.loc[class_index]['feature']))
isco88xgb.py:56: FutureWarning: The series.append method is deprecated and will be removed from pandas in a future version. Use pandas.concat instead.
  y_train = y_train.append(pd.Series(class_label))
isco88xgb.py:55: FutureWarning: The series.append method is deprecated and will be removed from pandas in a future version. Use pandas.concat instead.
  x_train= x_train.append(pd.Series(dataset.loc[class_index]['feature']))
isco88xgb.py:56: FutureWarning: The series.append method is deprecated and will be removed from pandas in a future version. Use pandas.concat instead.
  y_train = y_train.append(pd.Series(class_label))
isco88xgb.py:55: FutureWarning: The series.append method is deprecated and will be removed from pandas in a future version. Use pandas.concat instead.
  x_train= x_train.append(pd.Series(dataset.loc[class_index]['feature']))
isco88xgb.py:56: FutureWarning: The series.append method is deprecated and will be removed from pandas in a future version. Use pandas.concat instead.
  y_train = y_train.append(pd.Series(class_label))
isco88xgb.py:55: FutureWarning: The series.append method is deprecated and will be removed from pandas in a future version. Use pandas.concat instead.
  x_train= x_train.append(pd.Series(dataset.loc[class_index]['feature']))
isco88xgb.py:56: FutureWarning: The series.append method is deprecated and will be removed from pandas in a future version. Use pandas.concat instead.
  y_train = y_train.append(pd.Series(class_label))
isco88xgb.py:55: FutureWarning: The series.append method is deprecated and will be removed from pandas in a future version. Use pandas.concat instead.
  x_train= x_train.append(pd.Series(dataset.loc[class_index]['feature']))
isco88xgb.py:56: FutureWarning: The series.append method is deprecated and will be removed from pandas in a future version. Use pandas.concat instead.
  y_train = y_train.append(pd.Series(class_label))
isco88xgb.py:55: FutureWarning: The series.append method is deprecated and will be removed from pandas in a future version. Use pandas.concat instead.
  x_train= x_train.append(pd.Series(dataset.loc[class_index]['feature']))
isco88xgb.py:56: FutureWarning: The series.append method is deprecated and will be removed from pandas in a future version. Use pandas.concat instead.
  y_train = y_train.append(pd.Series(class_label))
isco88xgb.py:55: FutureWarning: The series.append method is deprecated and will be removed from pandas in a future version. Use pandas.concat instead.
  x_train= x_train.append(pd.Series(dataset.loc[class_index]['feature']))
isco88xgb.py:56: FutureWarning: The series.append method is deprecated and will be removed from pandas in a future version. Use pandas.concat instead.
  y_train = y_train.append(pd.Series(class_label))
isco88xgb.py:55: FutureWarning: The series.append method is deprecated and will be removed from pandas in a future version. Use pandas.concat instead.
  x_train= x_train.append(pd.Series(dataset.loc[class_index]['feature']))
isco88xgb.py:56: FutureWarning: The series.append method is deprecated and will be removed from pandas in a future version. Use pandas.concat instead.
  y_train = y_train.append(pd.Series(class_label))
isco88xgb.py:55: FutureWarning: The series.append method is deprecated and will be removed from pandas in a future version. Use pandas.concat instead.
  x_train= x_train.append(pd.Series(dataset.loc[class_index]['feature']))
isco88xgb.py:56: FutureWarning: The series.append method is deprecated and will be removed from pandas in a future version. Use pandas.concat instead.
  y_train = y_train.append(pd.Series(class_label))
isco88xgb.py:55: FutureWarning: The series.append method is deprecated and will be removed from pandas in a future version. Use pandas.concat instead.
  x_train= x_train.append(pd.Series(dataset.loc[class_index]['feature']))
isco88xgb.py:56: FutureWarning: The series.append method is deprecated and will be removed from pandas in a future version. Use pandas.concat instead.
  y_train = y_train.append(pd.Series(class_label))
Some weights of the model checkpoint at roberta-base were not used when initializing RobertaModel: ['lm_head.dense.weight', 'lm_head.layer_norm.bias', 'lm_head.dense.bias', 'lm_head.decoder.weight', 'lm_head.layer_norm.weight', 'lm_head.bias']
- This IS expected if you are initializing RobertaModel from the checkpoint of a model trained on another task or with another architecture (e.g. initializing a BertForSequenceClassification model from a BertForPreTraining model).
- This IS NOT expected if you are initializing RobertaModel from the checkpoint of a model that you expect to be exactly identical (initializing a BertForSequenceClassification model from a BertForSequenceClassification model).
25
363
[00:28:32] WARNING: ../src/learner.cc:767: 
Parameters: { "scale_pos_weight" } are not used.

[243  54   0 ... 343 369 153]

------------------ Confusion Matrix -----------------


Accuracy: 0.53
Micro Precision: 0.53
Micro Recall: 0.53
Micro F1-score: 0.53

Cohens Kappa: 0.52


--------------- Classification Report ---------------

              precision    recall  f1-score   support

           0       0.69      0.82      0.75       218
           2       0.00      0.00      0.00         1
           3       0.50      0.06      0.11        16
           4       0.00      0.00      0.00         1
           5       0.25      0.07      0.11        15
           6       0.00      0.00      0.00         1
           7       0.00      0.00      0.00         4
           8       0.53      0.59      0.56       274
           9       0.00      0.00      0.00         1
          10       0.00      0.00      0.00        29
          11       0.00      0.00      0.00        14
          12       0.33      0.06      0.10        34
          13       0.00      0.00      0.00         4
          14       0.20      0.04      0.07        23
          15       0.40      0.09      0.15        22
          16       0.00      0.00      0.00         1
          17       0.00      0.00      0.00         4
          18       0.00      0.00      0.00         8
          19       1.00      0.07      0.13        14
          20       0.00      0.00      0.00         1
          21       0.00      0.00      0.00         1
          23       1.00      0.50      0.67         2
          24       0.00      0.00      0.00         7
          26       0.00      0.00      0.00         1
          29       0.00      0.00      0.00         1
          30       0.00      0.00      0.00         1
          32       0.00      0.00      0.00         7
          33       0.60      0.27      0.37        11
          34       0.00      0.00      0.00         1
          35       0.00      0.00      0.00         5
          36       0.57      0.50      0.53         8
          37       0.00      0.00      0.00        19
          38       0.00      0.00      0.00         7
          39       0.18      0.16      0.17        19
          40       0.00      0.00      0.00        18
          41       0.00      0.00      0.00         3
          42       0.00      0.00      0.00         4
          43       0.00      0.00      0.00        10
          44       0.20      0.10      0.13        10
          46       0.00      0.00      0.00         1
          47       0.00      0.00      0.00         2
          48       0.71      0.72      0.71        88
          49       0.00      0.00      0.00         3
          50       0.50      0.10      0.17        10
          51       0.33      0.11      0.17         9
          52       0.70      0.85      0.77        66
          53       0.70      0.59      0.64        44
          54       0.73      0.60      0.66        50
          55       0.65      0.74      0.69        84
          56       0.74      0.86      0.79       116
          57       0.73      0.56      0.64        39
          59       1.00      0.20      0.33         5
          60       0.36      0.16      0.22        51
          61       0.00      0.00      0.00         5
          62       1.00      0.29      0.44         7
          63       1.00      0.33      0.50         3
          64       0.00      0.00      0.00         1
          66       0.00      0.00      0.00         2
          67       0.00      0.00      0.00         1
          68       0.00      0.00      0.00         1
          69       0.75      0.43      0.55         7
          71       0.00      0.00      0.00         1
          72       0.00      0.00      0.00         1
          73       0.46      0.40      0.43        15
          74       1.00      0.20      0.33         5
          76       0.00      0.00      0.00         1
          77       0.67      0.33      0.44         6
          78       0.00      0.00      0.00         4
isco88xgb.py:158: UserWarning: Matplotlib is currently using agg, which is a non-GUI backend, so cannot show the figure.
  plt.show()
isco88xgb.py:167: UserWarning: Matplotlib is currently using agg, which is a non-GUI backend, so cannot show the figure.
  plt.show()
/home/bme001/20225898/miniconda3/envs/job/lib/python3.8/site-packages/sklearn/metrics/_classification.py:1344: UndefinedMetricWarning: Precision and F-score are ill-defined and being set to 0.0 in labels with no predicted samples. Use `zero_division` parameter to control this behavior.
  _warn_prf(average, modifier, msg_start, len(result))
/home/bme001/20225898/miniconda3/envs/job/lib/python3.8/site-packages/sklearn/metrics/_classification.py:1344: UndefinedMetricWarning: Precision and F-score are ill-defined and being set to 0.0 in labels with no predicted samples. Use `zero_division` parameter to control this behavior.
  _warn_prf(average, modifier, msg_start, len(result))
/home/bme001/20225898/miniconda3/envs/job/lib/python3.8/site-packages/sklearn/metrics/_classification.py:1344: UndefinedMetricWarning: Precision and F-score are ill-defined and being set to 0.0 in labels with no predicted samples. Use `zero_division` parameter to control this behavior.
  _warn_prf(average, modifier, msg_start, len(result))
          79       0.00      0.00      0.00         2
          80       0.00      0.00      0.00         6
          81       0.00      0.00      0.00         4
          82       0.00      0.00      0.00        14
          83       0.38      0.29      0.33        52
          84       1.00      0.11      0.20         9
          85       0.33      0.08      0.12        13
          86       0.30      0.14      0.19        22
          87       0.29      0.25      0.27        24
          88       0.29      0.22      0.25        18
          89       0.33      0.18      0.24        11
          90       1.00      0.08      0.14        13
          91       0.37      0.33      0.35        21
          92       0.00      0.00      0.00         4
          94       1.00      0.47      0.64        15
          95       0.43      0.23      0.30        13
          96       0.00      0.00      0.00         3
          97       1.00      0.33      0.50         9
          98       0.40      0.40      0.40        10
          99       0.00      0.00      0.00         2
         101       0.48      0.59      0.53       136
         102       0.00      0.00      0.00         8
         103       0.25      0.10      0.14        10
         104       0.00      0.00      0.00         3
         105       0.33      0.14      0.20         7
         107       0.00      0.00      0.00         2
         108       0.00      0.00      0.00         1
         109       0.25      0.11      0.15         9
         110       0.00      0.00      0.00         2
         111       0.50      0.29      0.36         7
         112       0.67      0.51      0.58        39
         114       0.00      0.00      0.00         5
         115       0.75      0.25      0.38        12
         116       0.81      0.68      0.74        25
         117       0.82      0.56      0.67        16
         118       0.00      0.00      0.00         1
         119       0.36      0.30      0.33       165
         120       0.51      0.50      0.50        78
         121       0.00      0.00      0.00         1
         123       0.00      0.00      0.00         1
         125       0.00      0.00      0.00         6
         126       0.00      0.00      0.00         3
         127       0.00      0.00      0.00         2
         128       0.60      0.66      0.63       196
         129       0.43      0.28      0.34        32
         130       0.34      0.74      0.47       534
         131       0.00      0.00      0.00         2
         132       0.00      0.00      0.00         6
         133       0.00      0.00      0.00         4
         135       0.00      0.00      0.00         3
         136       0.50      0.09      0.15        11
         137       0.59      0.48      0.53        42
         138       0.00      0.00      0.00         2
         139       0.00      0.00      0.00         6
         140       0.00      0.00      0.00         1
         141       0.00      0.00      0.00         4
         142       0.00      0.00      0.00         3
         144       0.41      0.57      0.48       246
         146       0.38      0.50      0.43       167
         147       0.00      0.00      0.00         9
         148       0.00      0.00      0.00        12
         149       0.41      0.24      0.30        51
         150       0.62      0.17      0.27        46
         151       0.50      0.14      0.22        14
         152       0.00      0.00      0.00         1
         153       0.55      0.53      0.54       143
         154       0.25      0.06      0.10        17
         155       0.00      0.00      0.00         8
         156       0.67      0.13      0.22        15
         157       0.71      0.26      0.38        19
         158       1.00      0.33      0.50         3
         159       0.33      0.03      0.05        35
         160       0.60      0.49      0.54       101
         161       0.43      0.31      0.36        29
         162       0.00      0.00      0.00         1
         163       0.00      0.00      0.00         3
         164       0.00      0.00      0.00         5
         165       0.53      0.28      0.36        58
         166       0.55      0.42      0.48        26
         168       1.00      0.50      0.67         6
         169       0.00      0.00      0.00         9
         170       1.00      0.73      0.84        11
         171       0.00      0.00      0.00         2
         172       0.29      0.10      0.15        20
         173       0.73      0.83      0.77       224
         174       0.65      0.78      0.71       186
         175       0.64      0.47      0.55        19
         176       0.00      0.00      0.00        13
         177       0.86      0.89      0.88        56
         178       0.00      0.00      0.00         1
         179       1.00      0.20      0.33         5
         180       0.00      0.00      0.00         1
         181       1.00      0.67      0.80         9
         182       0.82      0.71      0.76        52
         183       0.60      0.27      0.37        11
         184       0.72      0.72      0.72       141
         185       0.00      0.00      0.00         1
         186       0.57      0.83      0.68       572
         187       0.59      0.38      0.46        71
         188       0.50      0.27      0.35        79
         189       0.72      0.88      0.79       781
         190       0.67      0.62      0.65       227
         191       0.56      0.49      0.53        81
         192       0.00      0.00      0.00         2
         193       0.75      0.42      0.54        43
         194       0.00      0.00      0.00         5
         195       0.70      0.64      0.67        22
         196       0.80      0.75      0.77        16
         197       1.00      0.33      0.50         3
         198       0.00      0.00      0.00         1
         199       0.00      0.00      0.00         1
         200       0.85      0.80      0.82        96
         201       0.33      0.13      0.19        15
         202       0.00      0.00      0.00         1
         203       0.00      0.00      0.00         2
         204       0.70      0.47      0.56        15
         205       1.00      0.33      0.50         3
         206       0.86      0.83      0.84        23
         207       0.00      0.00      0.00         2
         208       0.00      0.00      0.00         8
         209       0.43      0.50      0.46        18
         210       0.00      0.00      0.00         3
         211       0.00      0.00      0.00        11
         212       0.57      0.69      0.62        62
         213       0.64      0.68      0.66        34
         214       0.52      0.60      0.56        45
         215       0.47      0.58      0.52        74
         216       0.00      0.00      0.00        11
         217       0.18      0.15      0.16        39
         218       0.50      0.14      0.22         7
         219       0.56      0.42      0.48        12
         220       0.50      0.44      0.47        32
         221       0.00      0.00      0.00         1
         222       0.00      0.00      0.00         4
         223       0.43      0.27      0.33        33
         224       0.49      0.41      0.44        49
         226       0.68      0.68      0.68        31
         227       0.42      0.48      0.45        29
         228       0.00      0.00      0.00         2
         230       0.00      0.00      0.00        10
         231       0.69      0.56      0.62        79
         232       0.00      0.00      0.00         4
         233       0.00      0.00      0.00         5
         235       0.00      0.00      0.00         1
         236       0.62      0.42      0.50        12
         237       0.53      0.43      0.47        42
         239       0.00      0.00      0.00         6
         240       0.00      0.00      0.00         2
         241       0.78      0.70      0.74        71
         242       1.00      0.57      0.73         7
         243       0.45      0.64      0.53       112
         244       0.00      0.00      0.00         1
         245       0.40      0.47      0.43        76
         246       0.12      0.04      0.06        27
         247       0.00      0.00      0.00        11
         248       0.50      0.28      0.36        18
         249       0.40      0.22      0.29        18
         250       0.00      0.00      0.00         1
         251       0.40      0.18      0.25        11
         252       0.00      0.00      0.00         3
         253       0.00      0.00      0.00         3
         254       0.00      0.00      0.00         1
         255       0.00      0.00      0.00         6
         256       1.00      0.67      0.80         3
         257       0.20      0.20      0.20         5
         258       0.50      0.40      0.44         5
         259       0.00      0.00      0.00         1
         260       0.00      0.00      0.00         3
         261       0.00      0.00      0.00         1
         262       0.00      0.00      0.00         1
         264       0.80      0.57      0.67        21
         265       0.40      0.30      0.34        20
         266       0.00      0.00      0.00         6
         267       0.00      0.00      0.00         6
         269       0.00      0.00      0.00         2
         270       0.51      0.53      0.52        49
         272       0.75      0.50      0.60        12
         274       0.00      0.00      0.00         4
         275       0.00      0.00      0.00         5
         276       0.53      0.43      0.48        46
         277       0.00      0.00      0.00         2
         278       0.00      0.00      0.00         8
         279       0.57      0.28      0.37        29
         280       0.00      0.00      0.00         3
         281       1.00      1.00      1.00         1
         282       0.29      0.27      0.28        22
         283       0.00      0.00      0.00         6
         284       0.40      0.17      0.24        12
         285       0.00      0.00      0.00         7
         286       0.25      0.12      0.17         8
         287       0.00      0.00      0.00         2
         288       0.21      0.21      0.21        19
         289       0.29      0.21      0.24        38
         290       0.00      0.00      0.00         6
         291       0.00      0.00      0.00         9
         292       0.41      0.38      0.39        29
         293       0.00      0.00      0.00         4
         294       0.33      0.14      0.20         7
         295       0.00      0.00      0.00         2
         296       0.29      0.15      0.20        13
         297       0.57      0.36      0.44        11
         298       0.00      0.00      0.00         6
         299       0.29      0.25      0.27         8
         300       0.00      0.00      0.00         1
         301       0.00      0.00      0.00         7
         302       0.00      0.00      0.00         3
         303       0.60      0.25      0.35        12
         304       0.33      0.13      0.19        15
         305       0.72      0.50      0.59        26
         306       0.17      0.06      0.09        16
         307       0.00      0.00      0.00         3
         308       0.00      0.00      0.00         1
         309       0.00      0.00      0.00         4
         310       0.36      0.49      0.41       154
         311       0.25      0.07      0.11        15
         312       0.33      0.23      0.27        13
         313       0.00      0.00      0.00         3
         314       0.39      0.26      0.31        27
         315       0.00      0.00      0.00         3
         316       0.00      0.00      0.00         6
         317       0.33      0.15      0.21        13
         318       0.42      0.56      0.48        68
         319       0.50      0.09      0.15        11
         321       0.59      0.57      0.58        30
         322       1.00      0.33      0.50         3
         323       0.67      0.25      0.36        16
         324       0.15      0.11      0.12        19
         325       0.47      0.52      0.49        29
         326       0.46      0.45      0.46        87
         327       0.56      0.81      0.66       146
         328       0.36      0.24      0.29        33
         329       0.00      0.00      0.00         3
         330       0.48      0.47      0.48        34
         331       0.25      0.06      0.09        18
         332       0.67      0.29      0.40         7
         333       0.00      0.00      0.00         6
         334       0.00      0.00      0.00         4
         335       0.75      0.27      0.40        11
         336       0.00      0.00      0.00         6
         337       0.00      0.00      0.00         3
         338       0.00      0.00      0.00         3
         340       0.50      0.11      0.18         9
         341       0.00      0.00      0.00         1
         342       0.00      0.00      0.00         2
         343       0.33      0.27      0.30        22
         344       0.00      0.00      0.00         5
         345       0.52      0.61      0.56       103
         346       0.30      0.22      0.25        32
         347       0.00      0.00      0.00         5
         348       0.00      0.00      0.00         1
         349       0.12      0.08      0.10        48
         351       1.00      0.20      0.33         5
         352       0.00      0.00      0.00         2
         353       0.38      0.34      0.36        89
         354       0.51      0.56      0.53       186
         355       0.83      0.42      0.56        36
         356       0.50      0.54      0.52       133
         357       1.00      0.33      0.50         3
         358       0.67      0.20      0.31        20
         359       0.41      0.26      0.32        35
         360       0.75      0.43      0.55        21
         361       0.00      0.00      0.00         8
         362       0.43      0.21      0.29        14
         363       1.00      1.00      1.00         1
         364       0.00      0.00      0.00         7
         365       0.00      0.00      0.00         3
         366       0.00      0.00      0.00         3
         367       1.00      0.50      0.67         6
         368       0.71      0.52      0.60        23
         369       0.63      0.64      0.63       148
         370       0.62      0.49      0.55        37
         371       0.00      0.00      0.00         3
         372       0.30      0.12      0.18        24
         373       0.29      0.16      0.21        62
         374       0.00      0.00      0.00         3
         375       0.67      0.50      0.57        12
         376       1.00      0.22      0.36        27
         377       0.00      0.00      0.00         2
         379       0.00      0.00      0.00         1
         381       0.00      0.00      0.00         6
         382       0.49      0.56      0.52       117
         383       0.00      0.00      0.00         9
         384       0.30      0.45      0.36       170
         385       0.83      0.36      0.50        14
         386       1.00      0.33      0.50         3
         387       0.55      0.51      0.52        83

    accuracy                           0.53     10812
   macro avg       0.32      0.21      0.24     10812
weighted avg       0.51      0.53      0.50     10812

---------------------- XGBoost ----------------------
