[nltk_data] Downloading package stopwords to
[nltk_data]     /home/bme001/20225898/nltk_data...
[nltk_data]   Package stopwords is already up-to-date!
Some weights of the model checkpoint at pdelobelle/robbert-v2-dutch-base were not used when initializing RobertaModel: ['lm_head.dense.weight', 'lm_head.layer_norm.bias', 'lm_head.dense.bias', 'lm_head.bias', 'lm_head.decoder.bias', 'lm_head.decoder.weight', 'lm_head.layer_norm.weight']
- This IS expected if you are initializing RobertaModel from the checkpoint of a model trained on another task or with another architecture (e.g. initializing a BertForSequenceClassification model from a BertForPreTraining model).
- This IS NOT expected if you are initializing RobertaModel from the checkpoint of a model that you expect to be exactly identical (initializing a BertForSequenceClassification model from a BertForSequenceClassification model).
Some weights of RobertaModel were not initialized from the model checkpoint at pdelobelle/robbert-v2-dutch-base and are newly initialized: ['roberta.pooler.dense.bias', 'roberta.pooler.dense.weight']
You should probably TRAIN this model on a down-stream task to be able to use it for predictions and inference.
2023-07-27 12:37:50

------------------ isco68 xgb -----------------

2023-07-27 12:37:50
score: 0.463881636205396 max_depth: 4 min: 4 gamma: 0.0 learn: 0.05
2023-07-27 12:43:13
score: 0.4653321729039745 max_depth: 5 min: 4 gamma: 0.0 learn: 0.05
2023-07-27 12:50:47
score: 0.4563388453727879 max_depth: 6 min: 4 gamma: 0.0 learn: 0.05
2023-07-27 12:57:50
score: 0.4691035683202785 max_depth: 4 min: 5 gamma: 0.0 learn: 0.05
2023-07-27 13:03:48
score: 0.46649260226283723 max_depth: 5 min: 5 gamma: 0.0 learn: 0.05
2023-07-27 13:09:32
score: 0.46736292428198434 max_depth: 6 min: 5 gamma: 0.0 learn: 0.05
2023-07-27 13:17:17
score: 0.46156077748767044 max_depth: 4 min: 6 gamma: 0.0 learn: 0.05
2023-07-27 13:23:15
score: 0.4702639976791413 max_depth: 5 min: 6 gamma: 0.0 learn: 0.05
2023-07-27 13:29:23
score: 0.4635915288656803 max_depth: 6 min: 6 gamma: 0.0 learn: 0.05
2023-07-27 13:37:20
score: 0.46069045546852333 max_depth: 4 min: 4 gamma: 0.1 learn: 0.05
2023-07-27 13:44:16
score: 0.46475195822454307 max_depth: 5 min: 4 gamma: 0.1 learn: 0.05
2023-07-27 13:51:13
score: 0.4621409921671018 max_depth: 6 min: 4 gamma: 0.1 learn: 0.05
2023-07-27 14:00:48
score: 0.4696837829997099 max_depth: 4 min: 5 gamma: 0.1 learn: 0.05
2023-07-27 14:07:40
score: 0.46475195822454307 max_depth: 5 min: 5 gamma: 0.1 learn: 0.05
2023-07-27 14:14:35
score: 0.46620249492312155 max_depth: 6 min: 5 gamma: 0.1 learn: 0.05
2023-07-27 14:24:11
score: 0.45923991876994485 max_depth: 4 min: 6 gamma: 0.1 learn: 0.05
2023-07-27 14:31:00
score: 0.4644618508848274 max_depth: 5 min: 6 gamma: 0.1 learn: 0.05
2023-07-27 14:37:51
score: 0.4618508848273861 max_depth: 6 min: 6 gamma: 0.1 learn: 0.05
2023-07-27 14:47:21
score: 0.4577893820713664 max_depth: 4 min: 4 gamma: 0.2 learn: 0.05
2023-07-27 14:54:12
score: 0.46243109950681754 max_depth: 5 min: 4 gamma: 0.2 learn: 0.05
2023-07-27 15:03:35
score: 0.46040034812880765 max_depth: 6 min: 4 gamma: 0.2 learn: 0.05
2023-07-27 15:13:08
score: 0.4688134609805628 max_depth: 4 min: 5 gamma: 0.2 learn: 0.05
2023-07-27 15:19:55
score: 0.4653321729039745 max_depth: 5 min: 5 gamma: 0.2 learn: 0.05
2023-07-27 15:26:45
score: 0.46678270960255297 max_depth: 6 min: 5 gamma: 0.2 learn: 0.05
2023-07-27 15:36:16
score: 0.4598201334493763 max_depth: 4 min: 6 gamma: 0.2 learn: 0.05
2023-07-27 15:43:02
score: 0.46098056280823907 max_depth: 5 min: 6 gamma: 0.2 learn: 0.05
2023-07-27 15:49:49
score: 0.46475195822454307 max_depth: 6 min: 6 gamma: 0.2 learn: 0.05
