[nltk_data] Downloading package stopwords to
[nltk_data]     /home/bme001/20225898/nltk_data...
[nltk_data]   Package stopwords is already up-to-date!
Some weights of the model checkpoint at benjamin/roberta-base-wechsel-french were not used when initializing RobertaModel: ['lm_head.dense.bias', 'lm_head.dense.weight', 'lm_head.layer_norm.weight', 'lm_head.layer_norm.bias', 'lm_head.bias']
- This IS expected if you are initializing RobertaModel from the checkpoint of a model trained on another task or with another architecture (e.g. initializing a BertForSequenceClassification model from a BertForPreTraining model).
- This IS NOT expected if you are initializing RobertaModel from the checkpoint of a model that you expect to be exactly identical (initializing a BertForSequenceClassification model from a BertForSequenceClassification model).
Some weights of RobertaModel were not initialized from the model checkpoint at benjamin/roberta-base-wechsel-french and are newly initialized: ['roberta.pooler.dense.bias', 'roberta.pooler.dense.weight']
You should probably TRAIN this model on a down-stream task to be able to use it for predictions and inference.
[0]	validation_0-merror:0.70729	validation_0-mlogloss:5.04804	validation_1-merror:0.71246	validation_1-mlogloss:5.09198
[1]	validation_0-merror:0.65612	validation_0-mlogloss:4.61739	validation_1-merror:0.66471	validation_1-mlogloss:4.68652
[2]	validation_0-merror:0.61591	validation_0-mlogloss:4.32210	validation_1-merror:0.63058	validation_1-mlogloss:4.41610
[3]	validation_0-merror:0.58404	validation_0-mlogloss:4.08349	validation_1-merror:0.60107	validation_1-mlogloss:4.20069
[4]	validation_0-merror:0.55717	validation_0-mlogloss:3.88596	validation_1-merror:0.57720	validation_1-mlogloss:4.02420
[5]	validation_0-merror:0.53471	validation_0-mlogloss:3.71724	validation_1-merror:0.55799	validation_1-mlogloss:3.87666
[6]	validation_0-merror:0.51594	validation_0-mlogloss:3.56941	validation_1-merror:0.54249	validation_1-mlogloss:3.74888
[7]	validation_0-merror:0.50069	validation_0-mlogloss:3.43808	validation_1-merror:0.53017	validation_1-mlogloss:3.63593
[8]	validation_0-merror:0.48638	validation_0-mlogloss:3.31872	validation_1-merror:0.51984	validation_1-mlogloss:3.53508
[9]	validation_0-merror:0.47256	validation_0-mlogloss:3.20960	validation_1-merror:0.50954	validation_1-mlogloss:3.44339
[10]	validation_0-merror:0.45980	validation_0-mlogloss:3.10962	validation_1-merror:0.49977	validation_1-mlogloss:3.36076
[11]	validation_0-merror:0.44862	validation_0-mlogloss:3.01603	validation_1-merror:0.49255	validation_1-mlogloss:3.28383
[12]	validation_0-merror:0.43809	validation_0-mlogloss:2.92954	validation_1-merror:0.48425	validation_1-mlogloss:3.21311
[13]	validation_0-merror:0.42845	validation_0-mlogloss:2.84791	validation_1-merror:0.47745	validation_1-mlogloss:3.14664
[14]	validation_0-merror:0.41888	validation_0-mlogloss:2.77142	validation_1-merror:0.47065	validation_1-mlogloss:3.08481
[15]	validation_0-merror:0.40955	validation_0-mlogloss:2.69903	validation_1-merror:0.46431	validation_1-mlogloss:3.02687
[16]	validation_0-merror:0.40061	validation_0-mlogloss:2.63054	validation_1-merror:0.45842	validation_1-mlogloss:2.97224
[17]	validation_0-merror:0.39306	validation_0-mlogloss:2.56526	validation_1-merror:0.45290	validation_1-mlogloss:2.92099
[18]	validation_0-merror:0.38507	validation_0-mlogloss:2.50266	validation_1-merror:0.44692	validation_1-mlogloss:2.87161
[19]	validation_0-merror:0.37796	validation_0-mlogloss:2.44337	validation_1-merror:0.44152	validation_1-mlogloss:2.82557
[20]	validation_0-merror:0.37070	validation_0-mlogloss:2.38657	validation_1-merror:0.43616	validation_1-mlogloss:2.78194
[21]	validation_0-merror:0.36359	validation_0-mlogloss:2.33218	validation_1-merror:0.43198	validation_1-mlogloss:2.74032
[22]	validation_0-merror:0.35677	validation_0-mlogloss:2.27999	validation_1-merror:0.42845	validation_1-mlogloss:2.70017
[23]	validation_0-merror:0.35010	validation_0-mlogloss:2.23005	validation_1-merror:0.42449	validation_1-mlogloss:2.66267
[24]	validation_0-merror:0.34366	validation_0-mlogloss:2.18177	validation_1-merror:0.42067	validation_1-mlogloss:2.62613
[25]	validation_0-merror:0.33759	validation_0-mlogloss:2.13515	validation_1-merror:0.41740	validation_1-mlogloss:2.59172
[26]	validation_0-merror:0.33162	validation_0-mlogloss:2.09002	validation_1-merror:0.41413	validation_1-mlogloss:2.55812
[27]	validation_0-merror:0.32598	validation_0-mlogloss:2.04678	validation_1-merror:0.41073	validation_1-mlogloss:2.52581
[28]	validation_0-merror:0.32032	validation_0-mlogloss:2.00507	validation_1-merror:0.40750	validation_1-mlogloss:2.49454
[29]	validation_0-merror:0.31509	validation_0-mlogloss:1.96442	validation_1-merror:0.40482	validation_1-mlogloss:2.46437
[30]	validation_0-merror:0.30947	validation_0-mlogloss:1.92485	validation_1-merror:0.40155	validation_1-mlogloss:2.43526
[31]	validation_0-merror:0.30419	validation_0-mlogloss:1.88683	validation_1-merror:0.39887	validation_1-mlogloss:2.40736
[32]	validation_0-merror:0.29917	validation_0-mlogloss:1.84975	validation_1-merror:0.39661	validation_1-mlogloss:2.38058
[33]	validation_0-merror:0.29422	validation_0-mlogloss:1.81387	validation_1-merror:0.39325	validation_1-mlogloss:2.35446
[34]	validation_0-merror:0.28934	validation_0-mlogloss:1.77920	validation_1-merror:0.39089	validation_1-mlogloss:2.32931
[35]	validation_0-merror:0.28438	validation_0-mlogloss:1.74563	validation_1-merror:0.38821	validation_1-mlogloss:2.30522
[36]	validation_0-merror:0.27987	validation_0-mlogloss:1.71289	validation_1-merror:0.38606	validation_1-mlogloss:2.28186
[37]	validation_0-merror:0.27498	validation_0-mlogloss:1.68079	validation_1-merror:0.38302	validation_1-mlogloss:2.25920
[38]	validation_0-merror:0.27056	validation_0-mlogloss:1.64919	validation_1-merror:0.38161	validation_1-mlogloss:2.23659
[39]	validation_0-merror:0.26617	validation_0-mlogloss:1.61909	validation_1-merror:0.37942	validation_1-mlogloss:2.21566
[40]	validation_0-merror:0.26187	validation_0-mlogloss:1.58977	validation_1-merror:0.37769	validation_1-mlogloss:2.19537
[41]	validation_0-merror:0.25764	validation_0-mlogloss:1.56127	validation_1-merror:0.37507	validation_1-mlogloss:2.17557
[42]	validation_0-merror:0.25349	validation_0-mlogloss:1.53317	validation_1-merror:0.37318	validation_1-mlogloss:2.15633
[43]	validation_0-merror:0.24939	validation_0-mlogloss:1.50600	validation_1-merror:0.37112	validation_1-mlogloss:2.13751
[44]	validation_0-merror:0.24559	validation_0-mlogloss:1.47964	validation_1-merror:0.36939	validation_1-mlogloss:2.11948
[45]	validation_0-merror:0.24190	validation_0-mlogloss:1.45379	validation_1-merror:0.36782	validation_1-mlogloss:2.10173
[46]	validation_0-merror:0.23815	validation_0-mlogloss:1.42844	validation_1-merror:0.36602	validation_1-mlogloss:2.08457
[47]	validation_0-merror:0.23472	validation_0-mlogloss:1.40384	validation_1-merror:0.36468	validation_1-mlogloss:2.06789
[48]	validation_0-merror:0.23112	validation_0-mlogloss:1.37976	validation_1-merror:0.36246	validation_1-mlogloss:2.05135
[49]	validation_0-merror:0.22761	validation_0-mlogloss:1.35617	validation_1-merror:0.36027	validation_1-mlogloss:2.03532
[50]	validation_0-merror:0.22395	validation_0-mlogloss:1.33300	validation_1-merror:0.35860	validation_1-mlogloss:2.01987
[51]	validation_0-merror:0.22049	validation_0-mlogloss:1.31063	validation_1-merror:0.35690	validation_1-mlogloss:2.00472
[52]	validation_0-merror:0.21711	validation_0-mlogloss:1.28847	validation_1-merror:0.35576	validation_1-mlogloss:1.98992
[53]	validation_0-merror:0.21399	validation_0-mlogloss:1.26706	validation_1-merror:0.35409	validation_1-mlogloss:1.97559
[54]	validation_0-merror:0.21068	validation_0-mlogloss:1.24603	validation_1-merror:0.35308	validation_1-mlogloss:1.96165
[55]	validation_0-merror:0.20754	validation_0-mlogloss:1.22549	validation_1-merror:0.35141	validation_1-mlogloss:1.94803
[56]	validation_0-merror:0.20415	validation_0-mlogloss:1.20541	validation_1-merror:0.34968	validation_1-mlogloss:1.93479
[57]	validation_0-merror:0.20078	validation_0-mlogloss:1.18572	validation_1-merror:0.34870	validation_1-mlogloss:1.92199
[58]	validation_0-merror:0.19777	validation_0-mlogloss:1.16662	validation_1-merror:0.34703	validation_1-mlogloss:1.90942
[59]	validation_0-merror:0.19442	validation_0-mlogloss:1.14759	validation_1-merror:0.34536	validation_1-mlogloss:1.89692
[60]	validation_0-merror:0.19149	validation_0-mlogloss:1.12929	validation_1-merror:0.34445	validation_1-mlogloss:1.88495
[61]	validation_0-merror:0.18835	validation_0-mlogloss:1.11118	validation_1-merror:0.34324	validation_1-mlogloss:1.87294
[62]	validation_0-merror:0.18566	validation_0-mlogloss:1.09311	validation_1-merror:0.34173	validation_1-mlogloss:1.86097
[63]	validation_0-merror:0.18258	validation_0-mlogloss:1.07581	validation_1-merror:0.34066	validation_1-mlogloss:1.84965
[64]	validation_0-merror:0.17981	validation_0-mlogloss:1.05899	validation_1-merror:0.33925	validation_1-mlogloss:1.83857
[65]	validation_0-merror:0.17743	validation_0-mlogloss:1.04234	validation_1-merror:0.33797	validation_1-mlogloss:1.82787
[66]	validation_0-merror:0.17435	validation_0-mlogloss:1.02610	validation_1-merror:0.33677	validation_1-mlogloss:1.81738
[67]	validation_0-merror:0.17178	validation_0-mlogloss:1.01008	validation_1-merror:0.33647	validation_1-mlogloss:1.80698
[68]	validation_0-merror:0.16899	validation_0-mlogloss:0.99438	validation_1-merror:0.33539	validation_1-mlogloss:1.79678
[69]	validation_0-merror:0.16617	validation_0-mlogloss:0.97891	validation_1-merror:0.33428	validation_1-mlogloss:1.78687
[70]	validation_0-merror:0.16371	validation_0-mlogloss:0.96382	validation_1-merror:0.33327	validation_1-mlogloss:1.77709
[71]	validation_0-merror:0.16123	validation_0-mlogloss:0.94933	validation_1-merror:0.33229	validation_1-mlogloss:1.76806
[72]	validation_0-merror:0.15849	validation_0-mlogloss:0.93469	validation_1-merror:0.33091	validation_1-mlogloss:1.75863
[73]	validation_0-merror:0.15579	validation_0-mlogloss:0.92065	validation_1-merror:0.32987	validation_1-mlogloss:1.74968
[74]	validation_0-merror:0.15335	validation_0-mlogloss:0.90686	validation_1-merror:0.32856	validation_1-mlogloss:1.74077
[75]	validation_0-merror:0.15109	validation_0-mlogloss:0.89335	validation_1-merror:0.32784	validation_1-mlogloss:1.73220
[76]	validation_0-merror:0.14857	validation_0-mlogloss:0.87997	validation_1-merror:0.32693	validation_1-mlogloss:1.72356
[77]	validation_0-merror:0.14645	validation_0-mlogloss:0.86694	validation_1-merror:0.32523	validation_1-mlogloss:1.71553
[78]	validation_0-merror:0.14410	validation_0-mlogloss:0.85411	validation_1-merror:0.32477	validation_1-mlogloss:1.70747
[79]	validation_0-merror:0.14191	validation_0-mlogloss:0.84165	validation_1-merror:0.32385	validation_1-mlogloss:1.69976
[80]	validation_0-merror:0.13962	validation_0-mlogloss:0.82912	validation_1-merror:0.32333	validation_1-mlogloss:1.69172
[81]	validation_0-merror:0.13742	validation_0-mlogloss:0.81692	validation_1-merror:0.32206	validation_1-mlogloss:1.68408
[82]	validation_0-merror:0.13517	validation_0-mlogloss:0.80509	validation_1-merror:0.32144	validation_1-mlogloss:1.67670
[83]	validation_0-merror:0.13304	validation_0-mlogloss:0.79351	validation_1-merror:0.32032	validation_1-mlogloss:1.66951
[84]	validation_0-merror:0.13112	validation_0-mlogloss:0.78210	validation_1-merror:0.31961	validation_1-mlogloss:1.66247
[85]	validation_0-merror:0.12897	validation_0-mlogloss:0.77071	validation_1-merror:0.31934	validation_1-mlogloss:1.65544
[86]	validation_0-merror:0.12695	validation_0-mlogloss:0.75958	validation_1-merror:0.31866	validation_1-mlogloss:1.64846
[87]	validation_0-merror:0.12474	validation_0-mlogloss:0.74870	validation_1-merror:0.31745	validation_1-mlogloss:1.64178
[88]	validation_0-merror:0.12282	validation_0-mlogloss:0.73804	validation_1-merror:0.31719	validation_1-mlogloss:1.63528
[89]	validation_0-merror:0.12106	validation_0-mlogloss:0.72752	validation_1-merror:0.31683	validation_1-mlogloss:1.62895
[90]	validation_0-merror:0.11907	validation_0-mlogloss:0.71713	validation_1-merror:0.31598	validation_1-mlogloss:1.62261
[91]	validation_0-merror:0.11722	validation_0-mlogloss:0.70718	validation_1-merror:0.31526	validation_1-mlogloss:1.61644
[92]	validation_0-merror:0.11536	validation_0-mlogloss:0.69723	validation_1-merror:0.31460	validation_1-mlogloss:1.61048
[93]	validation_0-merror:0.11352	validation_0-mlogloss:0.68749	validation_1-merror:0.31402	validation_1-mlogloss:1.60457
[94]	validation_0-merror:0.11164	validation_0-mlogloss:0.67776	validation_1-merror:0.31284	validation_1-mlogloss:1.59858
[95]	validation_0-merror:0.10970	validation_0-mlogloss:0.66833	validation_1-merror:0.31209	validation_1-mlogloss:1.59271
[96]	validation_0-merror:0.10795	validation_0-mlogloss:0.65916	validation_1-merror:0.31179	validation_1-mlogloss:1.58708
[97]	validation_0-merror:0.10596	validation_0-mlogloss:0.65010	validation_1-merror:0.31120	validation_1-mlogloss:1.58156
[98]	validation_0-merror:0.10434	validation_0-mlogloss:0.64100	validation_1-merror:0.31068	validation_1-mlogloss:1.57605
[99]	validation_0-merror:0.10254	validation_0-mlogloss:0.63210	validation_1-merror:0.30973	validation_1-mlogloss:1.57057
[100]	validation_0-merror:0.10093	validation_0-mlogloss:0.62346	validation_1-merror:0.30928	validation_1-mlogloss:1.56540
[101]	validation_0-merror:0.09935	validation_0-mlogloss:0.61504	validation_1-merror:0.30892	validation_1-mlogloss:1.56037
[102]	validation_0-merror:0.09762	validation_0-mlogloss:0.60665	validation_1-merror:0.30849	validation_1-mlogloss:1.55514
[103]	validation_0-merror:0.09612	validation_0-mlogloss:0.59844	validation_1-merror:0.30774	validation_1-mlogloss:1.55022
[104]	validation_0-merror:0.09450	validation_0-mlogloss:0.59043	validation_1-merror:0.30712	validation_1-mlogloss:1.54535
[105]	validation_0-merror:0.09297	validation_0-mlogloss:0.58256	validation_1-merror:0.30673	validation_1-mlogloss:1.54068
[106]	validation_0-merror:0.09158	validation_0-mlogloss:0.57480	validation_1-merror:0.30640	validation_1-mlogloss:1.53599
[107]	validation_0-merror:0.08998	validation_0-mlogloss:0.56714	validation_1-merror:0.30558	validation_1-mlogloss:1.53140
[108]	validation_0-merror:0.08851	validation_0-mlogloss:0.55962	validation_1-merror:0.30454	validation_1-mlogloss:1.52696
[109]	validation_0-merror:0.08711	validation_0-mlogloss:0.55222	validation_1-merror:0.30444	validation_1-mlogloss:1.52250
[110]	validation_0-merror:0.08571	validation_0-mlogloss:0.54506	validation_1-merror:0.30388	validation_1-mlogloss:1.51822
[111]	validation_0-merror:0.08408	validation_0-mlogloss:0.53789	validation_1-merror:0.30287	validation_1-mlogloss:1.51386
[112]	validation_0-merror:0.08250	validation_0-mlogloss:0.53062	validation_1-merror:0.30248	validation_1-mlogloss:1.50947
[113]	validation_0-merror:0.08102	validation_0-mlogloss:0.52369	validation_1-merror:0.30192	validation_1-mlogloss:1.50524
[114]	validation_0-merror:0.07972	validation_0-mlogloss:0.51691	validation_1-merror:0.30130	validation_1-mlogloss:1.50108
[115]	validation_0-merror:0.07849	validation_0-mlogloss:0.51031	validation_1-merror:0.30084	validation_1-mlogloss:1.49711
[116]	validation_0-merror:0.07717	validation_0-mlogloss:0.50364	validation_1-merror:0.30032	validation_1-mlogloss:1.49286
[117]	validation_0-merror:0.07590	validation_0-mlogloss:0.49722	validation_1-merror:0.29970	validation_1-mlogloss:1.48886
[118]	validation_0-merror:0.07462	validation_0-mlogloss:0.49087	validation_1-merror:0.29937	validation_1-mlogloss:1.48491
[119]	validation_0-merror:0.07330	validation_0-mlogloss:0.48467	validation_1-merror:0.29898	validation_1-mlogloss:1.48120
[120]	validation_0-merror:0.07232	validation_0-mlogloss:0.47855	validation_1-merror:0.29856	validation_1-mlogloss:1.47754
[121]	validation_0-merror:0.07106	validation_0-mlogloss:0.47241	validation_1-merror:0.29800	validation_1-mlogloss:1.47374
[122]	validation_0-merror:0.06991	validation_0-mlogloss:0.46650	validation_1-merror:0.29728	validation_1-mlogloss:1.47025
[123]	validation_0-merror:0.06865	validation_0-mlogloss:0.46064	validation_1-merror:0.29725	validation_1-mlogloss:1.46674
[124]	validation_0-merror:0.06759	validation_0-mlogloss:0.45505	validation_1-merror:0.29692	validation_1-mlogloss:1.46340
[125]	validation_0-merror:0.06648	validation_0-mlogloss:0.44931	validation_1-merror:0.29630	validation_1-mlogloss:1.45982
[126]	validation_0-merror:0.06539	validation_0-mlogloss:0.44370	validation_1-merror:0.29594	validation_1-mlogloss:1.45645
[127]	validation_0-merror:0.06427	validation_0-mlogloss:0.43827	validation_1-merror:0.29552	validation_1-mlogloss:1.45310
[128]	validation_0-merror:0.06312	validation_0-mlogloss:0.43285	validation_1-merror:0.29522	validation_1-mlogloss:1.44969
[129]	validation_0-merror:0.06227	validation_0-mlogloss:0.42754	validation_1-merror:0.29499	validation_1-mlogloss:1.44656
[130]	validation_0-merror:0.06122	validation_0-mlogloss:0.42223	validation_1-merror:0.29463	validation_1-mlogloss:1.44319
[131]	validation_0-merror:0.06028	validation_0-mlogloss:0.41717	validation_1-merror:0.29404	validation_1-mlogloss:1.44023
[132]	validation_0-merror:0.05921	validation_0-mlogloss:0.41208	validation_1-merror:0.29398	validation_1-mlogloss:1.43705
[133]	validation_0-merror:0.05830	validation_0-mlogloss:0.40710	validation_1-merror:0.29355	validation_1-mlogloss:1.43381
[134]	validation_0-merror:0.05735	validation_0-mlogloss:0.40224	validation_1-merror:0.29333	validation_1-mlogloss:1.43098
[135]	validation_0-merror:0.05622	validation_0-mlogloss:0.39734	validation_1-merror:0.29303	validation_1-mlogloss:1.42798
[136]	validation_0-merror:0.05538	validation_0-mlogloss:0.39265	validation_1-merror:0.29277	validation_1-mlogloss:1.42498
[137]	validation_0-merror:0.05462	validation_0-mlogloss:0.38803	validation_1-merror:0.29238	validation_1-mlogloss:1.42229
[138]	validation_0-merror:0.05385	validation_0-mlogloss:0.38354	validation_1-merror:0.29215	validation_1-mlogloss:1.41966
[139]	validation_0-merror:0.05291	validation_0-mlogloss:0.37895	validation_1-merror:0.29166	validation_1-mlogloss:1.41697
[140]	validation_0-merror:0.05203	validation_0-mlogloss:0.37452	validation_1-merror:0.29130	validation_1-mlogloss:1.41422
[141]	validation_0-merror:0.05120	validation_0-mlogloss:0.37013	validation_1-merror:0.29114	validation_1-mlogloss:1.41152
[142]	validation_0-merror:0.05040	validation_0-mlogloss:0.36589	validation_1-merror:0.29081	validation_1-mlogloss:1.40903
[143]	validation_0-merror:0.04966	validation_0-mlogloss:0.36161	validation_1-merror:0.29100	validation_1-mlogloss:1.40654
[144]	validation_0-merror:0.04884	validation_0-mlogloss:0.35740	validation_1-merror:0.29025	validation_1-mlogloss:1.40386
[145]	validation_0-merror:0.04821	validation_0-mlogloss:0.35338	validation_1-merror:0.29002	validation_1-mlogloss:1.40152
[146]	validation_0-merror:0.04753	validation_0-mlogloss:0.34932	validation_1-merror:0.28944	validation_1-mlogloss:1.39895
[147]	validation_0-merror:0.04684	validation_0-mlogloss:0.34541	validation_1-merror:0.28917	validation_1-mlogloss:1.39655
[148]	validation_0-merror:0.04609	validation_0-mlogloss:0.34139	validation_1-merror:0.28872	validation_1-mlogloss:1.39395
[149]	validation_0-merror:0.04536	validation_0-mlogloss:0.33762	validation_1-merror:0.28849	validation_1-mlogloss:1.39173
[150]	validation_0-merror:0.04465	validation_0-mlogloss:0.33387	validation_1-merror:0.28832	validation_1-mlogloss:1.38944
[151]	validation_0-merror:0.04396	validation_0-mlogloss:0.33010	validation_1-merror:0.28777	validation_1-mlogloss:1.38704
[152]	validation_0-merror:0.04340	validation_0-mlogloss:0.32653	validation_1-merror:0.28728	validation_1-mlogloss:1.38489
[153]	validation_0-merror:0.04269	validation_0-mlogloss:0.32288	validation_1-merror:0.28718	validation_1-mlogloss:1.38264
[154]	validation_0-merror:0.04200	validation_0-mlogloss:0.31930	validation_1-merror:0.28682	validation_1-mlogloss:1.38041
[155]	validation_0-merror:0.04134	validation_0-mlogloss:0.31581	validation_1-merror:0.28653	validation_1-mlogloss:1.37838
[156]	validation_0-merror:0.04066	validation_0-mlogloss:0.31237	validation_1-merror:0.28653	validation_1-mlogloss:1.37620
[157]	validation_0-merror:0.04002	validation_0-mlogloss:0.30891	validation_1-merror:0.28623	validation_1-mlogloss:1.37398
[158]	validation_0-merror:0.03948	validation_0-mlogloss:0.30558	validation_1-merror:0.28577	validation_1-mlogloss:1.37199
[159]	validation_0-merror:0.03882	validation_0-mlogloss:0.30232	validation_1-merror:0.28564	validation_1-mlogloss:1.37005
[160]	validation_0-merror:0.03817	validation_0-mlogloss:0.29904	validation_1-merror:0.28555	validation_1-mlogloss:1.36809
[161]	validation_0-merror:0.03752	validation_0-mlogloss:0.29586	validation_1-merror:0.28535	validation_1-mlogloss:1.36610
[162]	validation_0-merror:0.03695	validation_0-mlogloss:0.29274	validation_1-merror:0.28496	validation_1-mlogloss:1.36423
[163]	validation_0-merror:0.03641	validation_0-mlogloss:0.28963	validation_1-merror:0.28460	validation_1-mlogloss:1.36215
[164]	validation_0-merror:0.03577	validation_0-mlogloss:0.28658	validation_1-merror:0.28447	validation_1-mlogloss:1.36029
[165]	validation_0-merror:0.03528	validation_0-mlogloss:0.28355	validation_1-merror:0.28437	validation_1-mlogloss:1.35858
[166]	validation_0-merror:0.03476	validation_0-mlogloss:0.28061	validation_1-merror:0.28421	validation_1-mlogloss:1.35670
[167]	validation_0-merror:0.03414	validation_0-mlogloss:0.27764	validation_1-merror:0.28401	validation_1-mlogloss:1.35485
[168]	validation_0-merror:0.03370	validation_0-mlogloss:0.27468	validation_1-merror:0.28362	validation_1-mlogloss:1.35298
[169]	validation_0-merror:0.03329	validation_0-mlogloss:0.27184	validation_1-merror:0.28342	validation_1-mlogloss:1.35116
[170]	validation_0-merror:0.03282	validation_0-mlogloss:0.26908	validation_1-merror:0.28329	validation_1-mlogloss:1.34946
[171]	validation_0-merror:0.03235	validation_0-mlogloss:0.26632	validation_1-merror:0.28293	validation_1-mlogloss:1.34773
[172]	validation_0-merror:0.03190	validation_0-mlogloss:0.26361	validation_1-merror:0.28293	validation_1-mlogloss:1.34606
[173]	validation_0-merror:0.03138	validation_0-mlogloss:0.26099	validation_1-merror:0.28228	validation_1-mlogloss:1.34448
[174]	validation_0-merror:0.03094	validation_0-mlogloss:0.25833	validation_1-merror:0.28185	validation_1-mlogloss:1.34275
[175]	validation_0-merror:0.03043	validation_0-mlogloss:0.25574	validation_1-merror:0.28175	validation_1-mlogloss:1.34110
[176]	validation_0-merror:0.02993	validation_0-mlogloss:0.25318	validation_1-merror:0.28153	validation_1-mlogloss:1.33946
[177]	validation_0-merror:0.02945	validation_0-mlogloss:0.25068	validation_1-merror:0.28140	validation_1-mlogloss:1.33795
[178]	validation_0-merror:0.02907	validation_0-mlogloss:0.24824	validation_1-merror:0.28133	validation_1-mlogloss:1.33651
[179]	validation_0-merror:0.02855	validation_0-mlogloss:0.24574	validation_1-merror:0.28110	validation_1-mlogloss:1.33486
[180]	validation_0-merror:0.02818	validation_0-mlogloss:0.24332	validation_1-merror:0.28074	validation_1-mlogloss:1.33325
[181]	validation_0-merror:0.02772	validation_0-mlogloss:0.24096	validation_1-merror:0.28035	validation_1-mlogloss:1.33174
[182]	validation_0-merror:0.02729	validation_0-mlogloss:0.23861	validation_1-merror:0.28051	validation_1-mlogloss:1.33029
[183]	validation_0-merror:0.02677	validation_0-mlogloss:0.23630	validation_1-merror:0.28022	validation_1-mlogloss:1.32886
[184]	validation_0-merror:0.02634	validation_0-mlogloss:0.23405	validation_1-merror:0.28025	validation_1-mlogloss:1.32746
[185]	validation_0-merror:0.02598	validation_0-mlogloss:0.23186	validation_1-merror:0.27970	validation_1-mlogloss:1.32606
[186]	validation_0-merror:0.02561	validation_0-mlogloss:0.22962	validation_1-merror:0.27979	validation_1-mlogloss:1.32478
[187]	validation_0-merror:0.02522	validation_0-mlogloss:0.22748	validation_1-merror:0.27940	validation_1-mlogloss:1.32334
[188]	validation_0-merror:0.02482	validation_0-mlogloss:0.22536	validation_1-merror:0.27924	validation_1-mlogloss:1.32192
[189]	validation_0-merror:0.02450	validation_0-mlogloss:0.22324	validation_1-merror:0.27930	validation_1-mlogloss:1.32044
[190]	validation_0-merror:0.02406	validation_0-mlogloss:0.22121	validation_1-merror:0.27904	validation_1-mlogloss:1.31919
[191]	validation_0-merror:0.02376	validation_0-mlogloss:0.21919	validation_1-merror:0.27881	validation_1-mlogloss:1.31792
[192]	validation_0-merror:0.02341	validation_0-mlogloss:0.21711	validation_1-merror:0.27871	validation_1-mlogloss:1.31656
[193]	validation_0-merror:0.02307	validation_0-mlogloss:0.21505	validation_1-merror:0.27885	validation_1-mlogloss:1.31521
[194]	validation_0-merror:0.02269	validation_0-mlogloss:0.21306	validation_1-merror:0.27858	validation_1-mlogloss:1.31392
[195]	validation_0-merror:0.02239	validation_0-mlogloss:0.21114	validation_1-merror:0.27832	validation_1-mlogloss:1.31277
[196]	validation_0-merror:0.02209	validation_0-mlogloss:0.20923	validation_1-merror:0.27826	validation_1-mlogloss:1.31152
[197]	validation_0-merror:0.02176	validation_0-mlogloss:0.20740	validation_1-merror:0.27780	validation_1-mlogloss:1.31025
[198]	validation_0-merror:0.02146	validation_0-mlogloss:0.20551	validation_1-merror:0.27783	validation_1-mlogloss:1.30907
[199]	validation_0-merror:0.02117	validation_0-mlogloss:0.20369	validation_1-merror:0.27793	validation_1-mlogloss:1.30789
[200]	validation_0-merror:0.02090	validation_0-mlogloss:0.20187	validation_1-merror:0.27747	validation_1-mlogloss:1.30681
[201]	validation_0-merror:0.02062	validation_0-mlogloss:0.20017	validation_1-merror:0.27728	validation_1-mlogloss:1.30576
[202]	validation_0-merror:0.02039	validation_0-mlogloss:0.19848	validation_1-merror:0.27702	validation_1-mlogloss:1.30473
[203]	validation_0-merror:0.02002	validation_0-mlogloss:0.19675	validation_1-merror:0.27669	validation_1-mlogloss:1.30362
[204]	validation_0-merror:0.01980	validation_0-mlogloss:0.19503	validation_1-merror:0.27662	validation_1-mlogloss:1.30248
[205]	validation_0-merror:0.01962	validation_0-mlogloss:0.19335	validation_1-merror:0.27646	validation_1-mlogloss:1.30126
[206]	validation_0-merror:0.01940	validation_0-mlogloss:0.19171	validation_1-merror:0.27643	validation_1-mlogloss:1.30014
[207]	validation_0-merror:0.01913	validation_0-mlogloss:0.19003	validation_1-merror:0.27594	validation_1-mlogloss:1.29907
[208]	validation_0-merror:0.01887	validation_0-mlogloss:0.18840	validation_1-merror:0.27584	validation_1-mlogloss:1.29798
[209]	validation_0-merror:0.01854	validation_0-mlogloss:0.18673	validation_1-merror:0.27535	validation_1-mlogloss:1.29672
[210]	validation_0-merror:0.01832	validation_0-mlogloss:0.18518	validation_1-merror:0.27538	validation_1-mlogloss:1.29572
[211]	validation_0-merror:0.01813	validation_0-mlogloss:0.18363	validation_1-merror:0.27512	validation_1-mlogloss:1.29473
[212]	validation_0-merror:0.01789	validation_0-mlogloss:0.18213	validation_1-merror:0.27509	validation_1-mlogloss:1.29373
[213]	validation_0-merror:0.01760	validation_0-mlogloss:0.18062	validation_1-merror:0.27496	validation_1-mlogloss:1.29273
[214]	validation_0-merror:0.01742	validation_0-mlogloss:0.17914	validation_1-merror:0.27489	validation_1-mlogloss:1.29180
[215]	validation_0-merror:0.01719	validation_0-mlogloss:0.17769	validation_1-merror:0.27469	validation_1-mlogloss:1.29078
[216]	validation_0-merror:0.01696	validation_0-mlogloss:0.17624	validation_1-merror:0.27440	validation_1-mlogloss:1.28980
[217]	validation_0-merror:0.01670	validation_0-mlogloss:0.17481	validation_1-merror:0.27388	validation_1-mlogloss:1.28880
[218]	validation_0-merror:0.01647	validation_0-mlogloss:0.17340	validation_1-merror:0.27384	validation_1-mlogloss:1.28781
[219]	validation_0-merror:0.01625	validation_0-mlogloss:0.17203	validation_1-merror:0.27371	validation_1-mlogloss:1.28688
[220]	validation_0-merror:0.01601	validation_0-mlogloss:0.17066	validation_1-merror:0.27358	validation_1-mlogloss:1.28597
[221]	validation_0-merror:0.01581	validation_0-mlogloss:0.16931	validation_1-merror:0.27352	validation_1-mlogloss:1.28507
[222]	validation_0-merror:0.01557	validation_0-mlogloss:0.16794	validation_1-merror:0.27339	validation_1-mlogloss:1.28417
[223]	validation_0-merror:0.01539	validation_0-mlogloss:0.16661	validation_1-merror:0.27313	validation_1-mlogloss:1.28330
[224]	validation_0-merror:0.01518	validation_0-mlogloss:0.16530	validation_1-merror:0.27313	validation_1-mlogloss:1.28231
[225]	validation_0-merror:0.01508	validation_0-mlogloss:0.16403	validation_1-merror:0.27319	validation_1-mlogloss:1.28151
[226]	validation_0-merror:0.01486	validation_0-mlogloss:0.16278	validation_1-merror:0.27283	validation_1-mlogloss:1.28067
[227]	validation_0-merror:0.01470	validation_0-mlogloss:0.16154	validation_1-merror:0.27260	validation_1-mlogloss:1.27985
[228]	validation_0-merror:0.01455	validation_0-mlogloss:0.16027	validation_1-merror:0.27224	validation_1-mlogloss:1.27899
[229]	validation_0-merror:0.01438	validation_0-mlogloss:0.15902	validation_1-merror:0.27214	validation_1-mlogloss:1.27813
[230]	validation_0-merror:0.01417	validation_0-mlogloss:0.15787	validation_1-merror:0.27201	validation_1-mlogloss:1.27733
[231]	validation_0-merror:0.01399	validation_0-mlogloss:0.15669	validation_1-merror:0.27179	validation_1-mlogloss:1.27651
[232]	validation_0-merror:0.01386	validation_0-mlogloss:0.15554	validation_1-merror:0.27188	validation_1-mlogloss:1.27569
[233]	validation_0-merror:0.01369	validation_0-mlogloss:0.15437	validation_1-merror:0.27179	validation_1-mlogloss:1.27490
[234]	validation_0-merror:0.01354	validation_0-mlogloss:0.15322	validation_1-merror:0.27152	validation_1-mlogloss:1.27418
[235]	validation_0-merror:0.01341	validation_0-mlogloss:0.15209	validation_1-merror:0.27130	validation_1-mlogloss:1.27340
[236]	validation_0-merror:0.01325	validation_0-mlogloss:0.15097	validation_1-merror:0.27139	validation_1-mlogloss:1.27258
[237]	validation_0-merror:0.01314	validation_0-mlogloss:0.14988	validation_1-merror:0.27123	validation_1-mlogloss:1.27181
[238]	validation_0-merror:0.01296	validation_0-mlogloss:0.14881	validation_1-merror:0.27103	validation_1-mlogloss:1.27104
[239]	validation_0-merror:0.01279	validation_0-mlogloss:0.14772	validation_1-merror:0.27123	validation_1-mlogloss:1.27032
[240]	validation_0-merror:0.01266	validation_0-mlogloss:0.14667	validation_1-merror:0.27087	validation_1-mlogloss:1.26949
[241]	validation_0-merror:0.01250	validation_0-mlogloss:0.14557	validation_1-merror:0.27080	validation_1-mlogloss:1.26873
[242]	validation_0-merror:0.01233	validation_0-mlogloss:0.14451	validation_1-merror:0.27077	validation_1-mlogloss:1.26803
[243]	validation_0-merror:0.01224	validation_0-mlogloss:0.14348	validation_1-merror:0.27077	validation_1-mlogloss:1.26724
[244]	validation_0-merror:0.01212	validation_0-mlogloss:0.14248	validation_1-merror:0.27090	validation_1-mlogloss:1.26652
[245]	validation_0-merror:0.01197	validation_0-mlogloss:0.14145	validation_1-merror:0.27058	validation_1-mlogloss:1.26568
[246]	validation_0-merror:0.01179	validation_0-mlogloss:0.14047	validation_1-merror:0.27090	validation_1-mlogloss:1.26497
[247]	validation_0-merror:0.01167	validation_0-mlogloss:0.13947	validation_1-merror:0.27067	validation_1-mlogloss:1.26427
[248]	validation_0-merror:0.01158	validation_0-mlogloss:0.13852	validation_1-merror:0.27048	validation_1-mlogloss:1.26361
[249]	validation_0-merror:0.01149	validation_0-mlogloss:0.13754	validation_1-merror:0.27038	validation_1-mlogloss:1.26284
[250]	validation_0-merror:0.01136	validation_0-mlogloss:0.13664	validation_1-merror:0.27031	validation_1-mlogloss:1.26220
[251]	validation_0-merror:0.01123	validation_0-mlogloss:0.13567	validation_1-merror:0.26989	validation_1-mlogloss:1.26146
[252]	validation_0-merror:0.01111	validation_0-mlogloss:0.13475	validation_1-merror:0.26999	validation_1-mlogloss:1.26078
[253]	validation_0-merror:0.01100	validation_0-mlogloss:0.13384	validation_1-merror:0.26979	validation_1-mlogloss:1.26005
[254]	validation_0-merror:0.01093	validation_0-mlogloss:0.13291	validation_1-merror:0.26976	validation_1-mlogloss:1.25941
[255]	validation_0-merror:0.01080	validation_0-mlogloss:0.13201	validation_1-merror:0.26960	validation_1-mlogloss:1.25880
[256]	validation_0-merror:0.01071	validation_0-mlogloss:0.13114	validation_1-merror:0.26946	validation_1-mlogloss:1.25818
[257]	validation_0-merror:0.01063	validation_0-mlogloss:0.13028	validation_1-merror:0.26911	validation_1-mlogloss:1.25757
[258]	validation_0-merror:0.01044	validation_0-mlogloss:0.12939	validation_1-merror:0.26897	validation_1-mlogloss:1.25696
[259]	validation_0-merror:0.01037	validation_0-mlogloss:0.12855	validation_1-merror:0.26891	validation_1-mlogloss:1.25628
[260]	validation_0-merror:0.01026	validation_0-mlogloss:0.12769	validation_1-merror:0.26884	validation_1-mlogloss:1.25561
[261]	validation_0-merror:0.01013	validation_0-mlogloss:0.12685	validation_1-merror:0.26858	validation_1-mlogloss:1.25498
[262]	validation_0-merror:0.01004	validation_0-mlogloss:0.12607	validation_1-merror:0.26858	validation_1-mlogloss:1.25442
[263]	validation_0-merror:0.00997	validation_0-mlogloss:0.12529	validation_1-merror:0.26852	validation_1-mlogloss:1.25383
[264]	validation_0-merror:0.00986	validation_0-mlogloss:0.12448	validation_1-merror:0.26845	validation_1-mlogloss:1.25325
[265]	validation_0-merror:0.00977	validation_0-mlogloss:0.12368	validation_1-merror:0.26835	validation_1-mlogloss:1.25270
[266]	validation_0-merror:0.00966	validation_0-mlogloss:0.12290	validation_1-merror:0.26819	validation_1-mlogloss:1.25211
[267]	validation_0-merror:0.00961	validation_0-mlogloss:0.12214	validation_1-merror:0.26803	validation_1-mlogloss:1.25156
[268]	validation_0-merror:0.00954	validation_0-mlogloss:0.12137	validation_1-merror:0.26816	validation_1-mlogloss:1.25093
[269]	validation_0-merror:0.00943	validation_0-mlogloss:0.12062	validation_1-merror:0.26803	validation_1-mlogloss:1.25038
[270]	validation_0-merror:0.00937	validation_0-mlogloss:0.11987	validation_1-merror:0.26809	validation_1-mlogloss:1.24978
[271]	validation_0-merror:0.00926	validation_0-mlogloss:0.11914	validation_1-merror:0.26773	validation_1-mlogloss:1.24925
[272]	validation_0-merror:0.00919	validation_0-mlogloss:0.11841	validation_1-merror:0.26776	validation_1-mlogloss:1.24867
[273]	validation_0-merror:0.00911	validation_0-mlogloss:0.11769	validation_1-merror:0.26750	validation_1-mlogloss:1.24812
[274]	validation_0-merror:0.00905	validation_0-mlogloss:0.11697	validation_1-merror:0.26727	validation_1-mlogloss:1.24758
[275]	validation_0-merror:0.00895	validation_0-mlogloss:0.11625	validation_1-merror:0.26708	validation_1-mlogloss:1.24704
[276]	validation_0-merror:0.00888	validation_0-mlogloss:0.11554	validation_1-merror:0.26714	validation_1-mlogloss:1.24655
[277]	validation_0-merror:0.00881	validation_0-mlogloss:0.11485	validation_1-merror:0.26711	validation_1-mlogloss:1.24608
[278]	validation_0-merror:0.00872	validation_0-mlogloss:0.11417	validation_1-merror:0.26701	validation_1-mlogloss:1.24554
[279]	validation_0-merror:0.00867	validation_0-mlogloss:0.11351	validation_1-merror:0.26675	validation_1-mlogloss:1.24493
[280]	validation_0-merror:0.00861	validation_0-mlogloss:0.11283	validation_1-merror:0.26672	validation_1-mlogloss:1.24440
[281]	validation_0-merror:0.00855	validation_0-mlogloss:0.11217	validation_1-merror:0.26662	validation_1-mlogloss:1.24394
[282]	validation_0-merror:0.00847	validation_0-mlogloss:0.11149	validation_1-merror:0.26642	validation_1-mlogloss:1.24343
[283]	validation_0-merror:0.00841	validation_0-mlogloss:0.11083	validation_1-merror:0.26633	validation_1-mlogloss:1.24294
[284]	validation_0-merror:0.00835	validation_0-mlogloss:0.11023	validation_1-merror:0.26623	validation_1-mlogloss:1.24249
[285]	validation_0-merror:0.00828	validation_0-mlogloss:0.10960	validation_1-merror:0.26607	validation_1-mlogloss:1.24198
[286]	validation_0-merror:0.00826	validation_0-mlogloss:0.10894	validation_1-merror:0.26597	validation_1-mlogloss:1.24147
[287]	validation_0-merror:0.00818	validation_0-mlogloss:0.10833	validation_1-merror:0.26593	validation_1-mlogloss:1.24102
[288]	validation_0-merror:0.00814	validation_0-mlogloss:0.10771	validation_1-merror:0.26580	validation_1-mlogloss:1.24050
[289]	validation_0-merror:0.00809	validation_0-mlogloss:0.10710	validation_1-merror:0.26571	validation_1-mlogloss:1.23994
[290]	validation_0-merror:0.00805	validation_0-mlogloss:0.10649	validation_1-merror:0.26574	validation_1-mlogloss:1.23952
[291]	validation_0-merror:0.00799	validation_0-mlogloss:0.10586	validation_1-merror:0.26574	validation_1-mlogloss:1.23899
[292]	validation_0-merror:0.00793	validation_0-mlogloss:0.10527	validation_1-merror:0.26551	validation_1-mlogloss:1.23852
[293]	validation_0-merror:0.00783	validation_0-mlogloss:0.10466	validation_1-merror:0.26557	validation_1-mlogloss:1.23799
[294]	validation_0-merror:0.00780	validation_0-mlogloss:0.10408	validation_1-merror:0.26544	validation_1-mlogloss:1.23752
[295]	validation_0-merror:0.00775	validation_0-mlogloss:0.10350	validation_1-merror:0.26548	validation_1-mlogloss:1.23698
[296]	validation_0-merror:0.00770	validation_0-mlogloss:0.10293	validation_1-merror:0.26544	validation_1-mlogloss:1.23642
[297]	validation_0-merror:0.00764	validation_0-mlogloss:0.10234	validation_1-merror:0.26548	validation_1-mlogloss:1.23592
[298]	validation_0-merror:0.00759	validation_0-mlogloss:0.10179	validation_1-merror:0.26538	validation_1-mlogloss:1.23538
[299]	validation_0-merror:0.00753	validation_0-mlogloss:0.10124	validation_1-merror:0.26518	validation_1-mlogloss:1.23490
[300]	validation_0-merror:0.00748	validation_0-mlogloss:0.10068	validation_1-merror:0.26515	validation_1-mlogloss:1.23444
[301]	validation_0-merror:0.00742	validation_0-mlogloss:0.10012	validation_1-merror:0.26489	validation_1-mlogloss:1.23398
[302]	validation_0-merror:0.00738	validation_0-mlogloss:0.09956	validation_1-merror:0.26489	validation_1-mlogloss:1.23349
[303]	validation_0-merror:0.00733	validation_0-mlogloss:0.09903	validation_1-merror:0.26482	validation_1-mlogloss:1.23303
[304]	validation_0-merror:0.00728	validation_0-mlogloss:0.09851	validation_1-merror:0.26463	validation_1-mlogloss:1.23256
[305]	validation_0-merror:0.00728	validation_0-mlogloss:0.09803	validation_1-merror:0.26453	validation_1-mlogloss:1.23213
[306]	validation_0-merror:0.00726	validation_0-mlogloss:0.09754	validation_1-merror:0.26459	validation_1-mlogloss:1.23172
[307]	validation_0-merror:0.00720	validation_0-mlogloss:0.09703	validation_1-merror:0.26401	validation_1-mlogloss:1.23135
[308]	validation_0-merror:0.00711	validation_0-mlogloss:0.09653	validation_1-merror:0.26437	validation_1-mlogloss:1.23094
[309]	validation_0-merror:0.00710	validation_0-mlogloss:0.09604	validation_1-merror:0.26456	validation_1-mlogloss:1.23051
[310]	validation_0-merror:0.00705	validation_0-mlogloss:0.09555	validation_1-merror:0.26453	validation_1-mlogloss:1.23010
[311]	validation_0-merror:0.00704	validation_0-mlogloss:0.09505	validation_1-merror:0.26456	validation_1-mlogloss:1.22966
[312]	validation_0-merror:0.00697	validation_0-mlogloss:0.09454	validation_1-merror:0.26443	validation_1-mlogloss:1.22921
[313]	validation_0-merror:0.00695	validation_0-mlogloss:0.09406	validation_1-merror:0.26420	validation_1-mlogloss:1.22883
[314]	validation_0-merror:0.00691	validation_0-mlogloss:0.09358	validation_1-merror:0.26407	validation_1-mlogloss:1.22836
[315]	validation_0-merror:0.00684	validation_0-mlogloss:0.09309	validation_1-merror:0.26394	validation_1-mlogloss:1.22793
[316]	validation_0-merror:0.00677	validation_0-mlogloss:0.09260	validation_1-merror:0.26394	validation_1-mlogloss:1.22750
[317]	validation_0-merror:0.00673	validation_0-mlogloss:0.09214	validation_1-merror:0.26378	validation_1-mlogloss:1.22715
[318]	validation_0-merror:0.00671	validation_0-mlogloss:0.09166	validation_1-merror:0.26368	validation_1-mlogloss:1.22672
[319]	validation_0-merror:0.00667	validation_0-mlogloss:0.09119	validation_1-merror:0.26348	validation_1-mlogloss:1.22633
[320]	validation_0-merror:0.00662	validation_0-mlogloss:0.09073	validation_1-merror:0.26332	validation_1-mlogloss:1.22594
[321]	validation_0-merror:0.00660	validation_0-mlogloss:0.09030	validation_1-merror:0.26319	validation_1-mlogloss:1.22556
[322]	validation_0-merror:0.00653	validation_0-mlogloss:0.08986	validation_1-merror:0.26286	validation_1-mlogloss:1.22518
[323]	validation_0-merror:0.00651	validation_0-mlogloss:0.08941	validation_1-merror:0.26289	validation_1-mlogloss:1.22480
[324]	validation_0-merror:0.00647	validation_0-mlogloss:0.08898	validation_1-merror:0.26280	validation_1-mlogloss:1.22444
[325]	validation_0-merror:0.00643	validation_0-mlogloss:0.08854	validation_1-merror:0.26286	validation_1-mlogloss:1.22402
[326]	validation_0-merror:0.00642	validation_0-mlogloss:0.08812	validation_1-merror:0.26283	validation_1-mlogloss:1.22362
[327]	validation_0-merror:0.00634	validation_0-mlogloss:0.08769	validation_1-merror:0.26283	validation_1-mlogloss:1.22320
[328]	validation_0-merror:0.00631	validation_0-mlogloss:0.08725	validation_1-merror:0.26250	validation_1-mlogloss:1.22278
[329]	validation_0-merror:0.00628	validation_0-mlogloss:0.08685	validation_1-merror:0.26270	validation_1-mlogloss:1.22250
[330]	validation_0-merror:0.00623	validation_0-mlogloss:0.08642	validation_1-merror:0.26254	validation_1-mlogloss:1.22214
[331]	validation_0-merror:0.00619	validation_0-mlogloss:0.08600	validation_1-merror:0.26237	validation_1-mlogloss:1.22171
[332]	validation_0-merror:0.00617	validation_0-mlogloss:0.08561	validation_1-merror:0.26231	validation_1-mlogloss:1.22133
[333]	validation_0-merror:0.00614	validation_0-mlogloss:0.08521	validation_1-merror:0.26231	validation_1-mlogloss:1.22094
[334]	validation_0-merror:0.00611	validation_0-mlogloss:0.08483	validation_1-merror:0.26247	validation_1-mlogloss:1.22056
[335]	validation_0-merror:0.00607	validation_0-mlogloss:0.08444	validation_1-merror:0.26240	validation_1-mlogloss:1.22018
[336]	validation_0-merror:0.00604	validation_0-mlogloss:0.08407	validation_1-merror:0.26218	validation_1-mlogloss:1.21987
[337]	validation_0-merror:0.00602	validation_0-mlogloss:0.08368	validation_1-merror:0.26247	validation_1-mlogloss:1.21955
[338]	validation_0-merror:0.00599	validation_0-mlogloss:0.08330	validation_1-merror:0.26227	validation_1-mlogloss:1.21922
[339]	validation_0-merror:0.00594	validation_0-mlogloss:0.08292	validation_1-merror:0.26208	validation_1-mlogloss:1.21888
[340]	validation_0-merror:0.00593	validation_0-mlogloss:0.08254	validation_1-merror:0.26211	validation_1-mlogloss:1.21850
[341]	validation_0-merror:0.00589	validation_0-mlogloss:0.08217	validation_1-merror:0.26198	validation_1-mlogloss:1.21813
[342]	validation_0-merror:0.00586	validation_0-mlogloss:0.08180	validation_1-merror:0.26188	validation_1-mlogloss:1.21778
[343]	validation_0-merror:0.00584	validation_0-mlogloss:0.08143	validation_1-merror:0.26198	validation_1-mlogloss:1.21742
[344]	validation_0-merror:0.00578	validation_0-mlogloss:0.08105	validation_1-merror:0.26195	validation_1-mlogloss:1.21706
[345]	validation_0-merror:0.00578	validation_0-mlogloss:0.08070	validation_1-merror:0.26178	validation_1-mlogloss:1.21673
[346]	validation_0-merror:0.00573	validation_0-mlogloss:0.08031	validation_1-merror:0.26175	validation_1-mlogloss:1.21637
[347]	validation_0-merror:0.00571	validation_0-mlogloss:0.07997	validation_1-merror:0.26169	validation_1-mlogloss:1.21602
[348]	validation_0-merror:0.00568	validation_0-mlogloss:0.07963	validation_1-merror:0.26169	validation_1-mlogloss:1.21573
[349]	validation_0-merror:0.00567	validation_0-mlogloss:0.07928	validation_1-merror:0.26146	validation_1-mlogloss:1.21537
[350]	validation_0-merror:0.00565	validation_0-mlogloss:0.07894	validation_1-merror:0.26146	validation_1-mlogloss:1.21508
[351]	validation_0-merror:0.00561	validation_0-mlogloss:0.07861	validation_1-merror:0.26113	validation_1-mlogloss:1.21477
[352]	validation_0-merror:0.00558	validation_0-mlogloss:0.07828	validation_1-merror:0.26126	validation_1-mlogloss:1.21443
[353]	validation_0-merror:0.00555	validation_0-mlogloss:0.07796	validation_1-merror:0.26123	validation_1-mlogloss:1.21409
[354]	validation_0-merror:0.00553	validation_0-mlogloss:0.07765	validation_1-merror:0.26106	validation_1-mlogloss:1.21377
[355]	validation_0-merror:0.00551	validation_0-mlogloss:0.07732	validation_1-merror:0.26097	validation_1-mlogloss:1.21346
[356]	validation_0-merror:0.00551	validation_0-mlogloss:0.07700	validation_1-merror:0.26106	validation_1-mlogloss:1.21318
[357]	validation_0-merror:0.00549	validation_0-mlogloss:0.07668	validation_1-merror:0.26090	validation_1-mlogloss:1.21282
[358]	validation_0-merror:0.00547	validation_0-mlogloss:0.07638	validation_1-merror:0.26064	validation_1-mlogloss:1.21255
[359]	validation_0-merror:0.00544	validation_0-mlogloss:0.07608	validation_1-merror:0.26080	validation_1-mlogloss:1.21229
[360]	validation_0-merror:0.00543	validation_0-mlogloss:0.07576	validation_1-merror:0.26051	validation_1-mlogloss:1.21193
[361]	validation_0-merror:0.00537	validation_0-mlogloss:0.07545	validation_1-merror:0.26051	validation_1-mlogloss:1.21158
[362]	validation_0-merror:0.00535	validation_0-mlogloss:0.07514	validation_1-merror:0.26044	validation_1-mlogloss:1.21125
[363]	validation_0-merror:0.00531	validation_0-mlogloss:0.07485	validation_1-merror:0.26054	validation_1-mlogloss:1.21096
[364]	validation_0-merror:0.00528	validation_0-mlogloss:0.07456	validation_1-merror:0.26041	validation_1-mlogloss:1.21064
[365]	validation_0-merror:0.00527	validation_0-mlogloss:0.07429	validation_1-merror:0.26038	validation_1-mlogloss:1.21035
[366]	validation_0-merror:0.00525	validation_0-mlogloss:0.07400	validation_1-merror:0.26035	validation_1-mlogloss:1.21007
[367]	validation_0-merror:0.00522	validation_0-mlogloss:0.07372	validation_1-merror:0.26008	validation_1-mlogloss:1.20980
[368]	validation_0-merror:0.00521	validation_0-mlogloss:0.07344	validation_1-merror:0.26005	validation_1-mlogloss:1.20946
[369]	validation_0-merror:0.00520	validation_0-mlogloss:0.07317	validation_1-merror:0.25999	validation_1-mlogloss:1.20914
[370]	validation_0-merror:0.00518	validation_0-mlogloss:0.07291	validation_1-merror:0.26008	validation_1-mlogloss:1.20889
[371]	validation_0-merror:0.00517	validation_0-mlogloss:0.07265	validation_1-merror:0.26018	validation_1-mlogloss:1.20862
[372]	validation_0-merror:0.00516	validation_0-mlogloss:0.07238	validation_1-merror:0.25982	validation_1-mlogloss:1.20830
[373]	validation_0-merror:0.00513	validation_0-mlogloss:0.07211	validation_1-merror:0.25979	validation_1-mlogloss:1.20804
[374]	validation_0-merror:0.00512	validation_0-mlogloss:0.07185	validation_1-merror:0.25963	validation_1-mlogloss:1.20775
[375]	validation_0-merror:0.00510	validation_0-mlogloss:0.07160	validation_1-merror:0.25959	validation_1-mlogloss:1.20749
[376]	validation_0-merror:0.00510	validation_0-mlogloss:0.07136	validation_1-merror:0.25953	validation_1-mlogloss:1.20726
[377]	validation_0-merror:0.00508	validation_0-mlogloss:0.07111	validation_1-merror:0.25940	validation_1-mlogloss:1.20699
[378]	validation_0-merror:0.00507	validation_0-mlogloss:0.07087	validation_1-merror:0.25950	validation_1-mlogloss:1.20671
[379]	validation_0-merror:0.00505	validation_0-mlogloss:0.07062	validation_1-merror:0.25940	validation_1-mlogloss:1.20645
[380]	validation_0-merror:0.00504	validation_0-mlogloss:0.07038	validation_1-merror:0.25930	validation_1-mlogloss:1.20615
[381]	validation_0-merror:0.00502	validation_0-mlogloss:0.07013	validation_1-merror:0.25940	validation_1-mlogloss:1.20586
[382]	validation_0-merror:0.00501	validation_0-mlogloss:0.06990	validation_1-merror:0.25923	validation_1-mlogloss:1.20565
[383]	validation_0-merror:0.00500	validation_0-mlogloss:0.06968	validation_1-merror:0.25920	validation_1-mlogloss:1.20543
[384]	validation_0-merror:0.00497	validation_0-mlogloss:0.06945	validation_1-merror:0.25930	validation_1-mlogloss:1.20517
[385]	validation_0-merror:0.00496	validation_0-mlogloss:0.06923	validation_1-merror:0.25933	validation_1-mlogloss:1.20491
[386]	validation_0-merror:0.00495	validation_0-mlogloss:0.06901	validation_1-merror:0.25914	validation_1-mlogloss:1.20470
[387]	validation_0-merror:0.00494	validation_0-mlogloss:0.06880	validation_1-merror:0.25933	validation_1-mlogloss:1.20445
[388]	validation_0-merror:0.00492	validation_0-mlogloss:0.06859	validation_1-merror:0.25914	validation_1-mlogloss:1.20424
[389]	validation_0-merror:0.00491	validation_0-mlogloss:0.06835	validation_1-merror:0.25907	validation_1-mlogloss:1.20398
[390]	validation_0-merror:0.00490	validation_0-mlogloss:0.06813	validation_1-merror:0.25907	validation_1-mlogloss:1.20371
[391]	validation_0-merror:0.00489	validation_0-mlogloss:0.06792	validation_1-merror:0.25904	validation_1-mlogloss:1.20343
[392]	validation_0-merror:0.00489	validation_0-mlogloss:0.06771	validation_1-merror:0.25887	validation_1-mlogloss:1.20318
[393]	validation_0-merror:0.00487	validation_0-mlogloss:0.06752	validation_1-merror:0.25878	validation_1-mlogloss:1.20297
[394]	validation_0-merror:0.00486	validation_0-mlogloss:0.06731	validation_1-merror:0.25874	validation_1-mlogloss:1.20276
[395]	validation_0-merror:0.00485	validation_0-mlogloss:0.06711	validation_1-merror:0.25848	validation_1-mlogloss:1.20248
[396]	validation_0-merror:0.00484	validation_0-mlogloss:0.06691	validation_1-merror:0.25851	validation_1-mlogloss:1.20227
[397]	validation_0-merror:0.00484	validation_0-mlogloss:0.06670	validation_1-merror:0.25835	validation_1-mlogloss:1.20203
[398]	validation_0-merror:0.00482	validation_0-mlogloss:0.06651	validation_1-merror:0.25848	validation_1-mlogloss:1.20181
[399]	validation_0-merror:0.00482	validation_0-mlogloss:0.06632	validation_1-merror:0.25855	validation_1-mlogloss:1.20159
[400]	validation_0-merror:0.00479	validation_0-mlogloss:0.06613	validation_1-merror:0.25832	validation_1-mlogloss:1.20135
[401]	validation_0-merror:0.00478	validation_0-mlogloss:0.06595	validation_1-merror:0.25829	validation_1-mlogloss:1.20110
[402]	validation_0-merror:0.00476	validation_0-mlogloss:0.06576	validation_1-merror:0.25816	validation_1-mlogloss:1.20085
[403]	validation_0-merror:0.00476	validation_0-mlogloss:0.06559	validation_1-merror:0.25812	validation_1-mlogloss:1.20063
[404]	validation_0-merror:0.00475	validation_0-mlogloss:0.06541	validation_1-merror:0.25793	validation_1-mlogloss:1.20043
[405]	validation_0-merror:0.00474	validation_0-mlogloss:0.06523	validation_1-merror:0.25812	validation_1-mlogloss:1.20019
[406]	validation_0-merror:0.00472	validation_0-mlogloss:0.06505	validation_1-merror:0.25802	validation_1-mlogloss:1.19997
[407]	validation_0-merror:0.00472	validation_0-mlogloss:0.06487	validation_1-merror:0.25776	validation_1-mlogloss:1.19973
[408]	validation_0-merror:0.00472	validation_0-mlogloss:0.06469	validation_1-merror:0.25773	validation_1-mlogloss:1.19953
[409]	validation_0-merror:0.00471	validation_0-mlogloss:0.06452	validation_1-merror:0.25776	validation_1-mlogloss:1.19931
[410]	validation_0-merror:0.00471	validation_0-mlogloss:0.06434	validation_1-merror:0.25753	validation_1-mlogloss:1.19909
[411]	validation_0-merror:0.00469	validation_0-mlogloss:0.06417	validation_1-merror:0.25760	validation_1-mlogloss:1.19891
[412]	validation_0-merror:0.00468	validation_0-mlogloss:0.06400	validation_1-merror:0.25766	validation_1-mlogloss:1.19874
[413]	validation_0-merror:0.00468	validation_0-mlogloss:0.06384	validation_1-merror:0.25737	validation_1-mlogloss:1.19853
[414]	validation_0-merror:0.00467	validation_0-mlogloss:0.06368	validation_1-merror:0.25747	validation_1-mlogloss:1.19833
[415]	validation_0-merror:0.00465	validation_0-mlogloss:0.06351	validation_1-merror:0.25744	validation_1-mlogloss:1.19811
[416]	validation_0-merror:0.00464	validation_0-mlogloss:0.06335	validation_1-merror:0.25727	validation_1-mlogloss:1.19793
[417]	validation_0-merror:0.00464	validation_0-mlogloss:0.06321	validation_1-merror:0.25721	validation_1-mlogloss:1.19773
[418]	validation_0-merror:0.00463	validation_0-mlogloss:0.06305	validation_1-merror:0.25714	validation_1-mlogloss:1.19751
[419]	validation_0-merror:0.00463	validation_0-mlogloss:0.06289	validation_1-merror:0.25701	validation_1-mlogloss:1.19729
[420]	validation_0-merror:0.00461	validation_0-mlogloss:0.06274	validation_1-merror:0.25708	validation_1-mlogloss:1.19708
[421]	validation_0-merror:0.00461	validation_0-mlogloss:0.06259	validation_1-merror:0.25711	validation_1-mlogloss:1.19688
[422]	validation_0-merror:0.00461	validation_0-mlogloss:0.06244	validation_1-merror:0.25708	validation_1-mlogloss:1.19669
[423]	validation_0-merror:0.00461	validation_0-mlogloss:0.06230	validation_1-merror:0.25727	validation_1-mlogloss:1.19649
[424]	validation_0-merror:0.00461	validation_0-mlogloss:0.06215	validation_1-merror:0.25714	validation_1-mlogloss:1.19627
[425]	validation_0-merror:0.00460	validation_0-mlogloss:0.06200	validation_1-merror:0.25714	validation_1-mlogloss:1.19604
[426]	validation_0-merror:0.00460	validation_0-mlogloss:0.06184	validation_1-merror:0.25691	validation_1-mlogloss:1.19580
[427]	validation_0-merror:0.00459	validation_0-mlogloss:0.06170	validation_1-merror:0.25688	validation_1-mlogloss:1.19560
[428]	validation_0-merror:0.00459	validation_0-mlogloss:0.06155	validation_1-merror:0.25685	validation_1-mlogloss:1.19540
[429]	validation_0-merror:0.00458	validation_0-mlogloss:0.06142	validation_1-merror:0.25678	validation_1-mlogloss:1.19525
[430]	validation_0-merror:0.00458	validation_0-mlogloss:0.06128	validation_1-merror:0.25672	validation_1-mlogloss:1.19505
[431]	validation_0-merror:0.00458	validation_0-mlogloss:0.06114	validation_1-merror:0.25665	validation_1-mlogloss:1.19487
[432]	validation_0-merror:0.00458	validation_0-mlogloss:0.06100	validation_1-merror:0.25646	validation_1-mlogloss:1.19467
[433]	validation_0-merror:0.00458	validation_0-mlogloss:0.06087	validation_1-merror:0.25642	validation_1-mlogloss:1.19447
[434]	validation_0-merror:0.00457	validation_0-mlogloss:0.06074	validation_1-merror:0.25646	validation_1-mlogloss:1.19432
[435]	validation_0-merror:0.00456	validation_0-mlogloss:0.06063	validation_1-merror:0.25642	validation_1-mlogloss:1.19421
[436]	validation_0-merror:0.00456	validation_0-mlogloss:0.06049	validation_1-merror:0.25642	validation_1-mlogloss:1.19403
[437]	validation_0-merror:0.00455	validation_0-mlogloss:0.06037	validation_1-merror:0.25632	validation_1-mlogloss:1.19387
[438]	validation_0-merror:0.00454	validation_0-mlogloss:0.06025	validation_1-merror:0.25636	validation_1-mlogloss:1.19372
[439]	validation_0-merror:0.00454	validation_0-mlogloss:0.06013	validation_1-merror:0.25636	validation_1-mlogloss:1.19356
[440]	validation_0-merror:0.00454	validation_0-mlogloss:0.06000	validation_1-merror:0.25646	validation_1-mlogloss:1.19341
[441]	validation_0-merror:0.00454	validation_0-mlogloss:0.05989	validation_1-merror:0.25639	validation_1-mlogloss:1.19327
[442]	validation_0-merror:0.00453	validation_0-mlogloss:0.05977	validation_1-merror:0.25623	validation_1-mlogloss:1.19311
[443]	validation_0-merror:0.00453	validation_0-mlogloss:0.05965	validation_1-merror:0.25619	validation_1-mlogloss:1.19296
[444]	validation_0-merror:0.00453	validation_0-mlogloss:0.05953	validation_1-merror:0.25606	validation_1-mlogloss:1.19280
[445]	validation_0-merror:0.00451	validation_0-mlogloss:0.05941	validation_1-merror:0.25613	validation_1-mlogloss:1.19263
[446]	validation_0-merror:0.00452	validation_0-mlogloss:0.05930	validation_1-merror:0.25629	validation_1-mlogloss:1.19248
[447]	validation_0-merror:0.00451	validation_0-mlogloss:0.05919	validation_1-merror:0.25616	validation_1-mlogloss:1.19232
[448]	validation_0-merror:0.00450	validation_0-mlogloss:0.05907	validation_1-merror:0.25616	validation_1-mlogloss:1.19216
[449]	validation_0-merror:0.00450	validation_0-mlogloss:0.05895	validation_1-merror:0.25590	validation_1-mlogloss:1.19198
[450]	validation_0-merror:0.00450	validation_0-mlogloss:0.05883	validation_1-merror:0.25593	validation_1-mlogloss:1.19183
[451]	validation_0-merror:0.00450	validation_0-mlogloss:0.05873	validation_1-merror:0.25567	validation_1-mlogloss:1.19167
[452]	validation_0-merror:0.00449	validation_0-mlogloss:0.05862	validation_1-merror:0.25567	validation_1-mlogloss:1.19150
[453]	validation_0-merror:0.00449	validation_0-mlogloss:0.05851	validation_1-merror:0.25561	validation_1-mlogloss:1.19135
[454]	validation_0-merror:0.00448	validation_0-mlogloss:0.05841	validation_1-merror:0.25557	validation_1-mlogloss:1.19124
[455]	validation_0-merror:0.00448	validation_0-mlogloss:0.05829	validation_1-merror:0.25554	validation_1-mlogloss:1.19108
[456]	validation_0-merror:0.00446	validation_0-mlogloss:0.05818	validation_1-merror:0.25534	validation_1-mlogloss:1.19091
[457]	validation_0-merror:0.00446	validation_0-mlogloss:0.05807	validation_1-merror:0.25531	validation_1-mlogloss:1.19074
[458]	validation_0-merror:0.00445	validation_0-mlogloss:0.05797	validation_1-merror:0.25538	validation_1-mlogloss:1.19058
[459]	validation_0-merror:0.00444	validation_0-mlogloss:0.05786	validation_1-merror:0.25525	validation_1-mlogloss:1.19040
[460]	validation_0-merror:0.00444	validation_0-mlogloss:0.05776	validation_1-merror:0.25528	validation_1-mlogloss:1.19023
[461]	validation_0-merror:0.00444	validation_0-mlogloss:0.05765	validation_1-merror:0.25505	validation_1-mlogloss:1.19009
[462]	validation_0-merror:0.00444	validation_0-mlogloss:0.05754	validation_1-merror:0.25498	validation_1-mlogloss:1.18994
[463]	validation_0-merror:0.00444	validation_0-mlogloss:0.05745	validation_1-merror:0.25492	validation_1-mlogloss:1.18981
[464]	validation_0-merror:0.00443	validation_0-mlogloss:0.05735	validation_1-merror:0.25472	validation_1-mlogloss:1.18963
[465]	validation_0-merror:0.00444	validation_0-mlogloss:0.05725	validation_1-merror:0.25472	validation_1-mlogloss:1.18945
[466]	validation_0-merror:0.00443	validation_0-mlogloss:0.05716	validation_1-merror:0.25469	validation_1-mlogloss:1.18933
[467]	validation_0-merror:0.00443	validation_0-mlogloss:0.05706	validation_1-merror:0.25469	validation_1-mlogloss:1.18919
[468]	validation_0-merror:0.00442	validation_0-mlogloss:0.05696	validation_1-merror:0.25476	validation_1-mlogloss:1.18906
[469]	validation_0-merror:0.00441	validation_0-mlogloss:0.05686	validation_1-merror:0.25476	validation_1-mlogloss:1.18890
[470]	validation_0-merror:0.00441	validation_0-mlogloss:0.05678	validation_1-merror:0.25482	validation_1-mlogloss:1.18877
[471]	validation_0-merror:0.00441	validation_0-mlogloss:0.05668	validation_1-merror:0.25456	validation_1-mlogloss:1.18860
[472]	validation_0-merror:0.00441	validation_0-mlogloss:0.05658	validation_1-merror:0.25456	validation_1-mlogloss:1.18842
[473]	validation_0-merror:0.00440	validation_0-mlogloss:0.05649	validation_1-merror:0.25449	validation_1-mlogloss:1.18829
