[nltk_data] Downloading package stopwords to
[nltk_data]     /home/bme001/20225898/nltk_data...
[nltk_data]   Package stopwords is already up-to-date!
Some weights of the model checkpoint at benjamin/roberta-base-wechsel-french were not used when initializing RobertaModel: ['lm_head.bias', 'lm_head.dense.bias', 'lm_head.dense.weight', 'lm_head.layer_norm.weight', 'lm_head.layer_norm.bias']
- This IS expected if you are initializing RobertaModel from the checkpoint of a model trained on another task or with another architecture (e.g. initializing a BertForSequenceClassification model from a BertForPreTraining model).
- This IS NOT expected if you are initializing RobertaModel from the checkpoint of a model that you expect to be exactly identical (initializing a BertForSequenceClassification model from a BertForSequenceClassification model).
Some weights of RobertaModel were not initialized from the model checkpoint at benjamin/roberta-base-wechsel-french and are newly initialized: ['roberta.pooler.dense.weight', 'roberta.pooler.dense.bias']
You should probably TRAIN this model on a down-stream task to be able to use it for predictions and inference.
[0]	validation_0-merror:0.69289	validation_0-mlogloss:4.88427	validation_1-merror:0.70003	validation_1-mlogloss:4.91744
[1]	validation_0-merror:0.62907	validation_0-mlogloss:4.50097	validation_1-merror:0.64321	validation_1-mlogloss:4.56098
[2]	validation_0-merror:0.58283	validation_0-mlogloss:4.22220	validation_1-merror:0.60415	validation_1-mlogloss:4.31005
[3]	validation_0-merror:0.55012	validation_0-mlogloss:4.00032	validation_1-merror:0.57615	validation_1-mlogloss:4.11410
[4]	validation_0-merror:0.52438	validation_0-mlogloss:3.81527	validation_1-merror:0.55703	validation_1-mlogloss:3.95269
[5]	validation_0-merror:0.50314	validation_0-mlogloss:3.65504	validation_1-merror:0.54105	validation_1-mlogloss:3.81443
[6]	validation_0-merror:0.48519	validation_0-mlogloss:3.51561	validation_1-merror:0.52767	validation_1-mlogloss:3.69532
[7]	validation_0-merror:0.46871	validation_0-mlogloss:3.38951	validation_1-merror:0.51600	validation_1-mlogloss:3.58901
[8]	validation_0-merror:0.45516	validation_0-mlogloss:3.27544	validation_1-merror:0.50561	validation_1-mlogloss:3.49341
[9]	validation_0-merror:0.44251	validation_0-mlogloss:3.17140	validation_1-merror:0.49662	validation_1-mlogloss:3.40680
[10]	validation_0-merror:0.43024	validation_0-mlogloss:3.07504	validation_1-merror:0.48742	validation_1-mlogloss:3.32755
[11]	validation_0-merror:0.41979	validation_0-mlogloss:2.98581	validation_1-merror:0.48035	validation_1-mlogloss:3.25512
[12]	validation_0-merror:0.41032	validation_0-mlogloss:2.90276	validation_1-merror:0.47404	validation_1-mlogloss:3.18743
[13]	validation_0-merror:0.40166	validation_0-mlogloss:2.82474	validation_1-merror:0.46857	validation_1-mlogloss:3.12459
[14]	validation_0-merror:0.39365	validation_0-mlogloss:2.75167	validation_1-merror:0.46360	validation_1-mlogloss:3.06619
[15]	validation_0-merror:0.38577	validation_0-mlogloss:2.68239	validation_1-merror:0.45832	validation_1-mlogloss:3.01119
[16]	validation_0-merror:0.37802	validation_0-mlogloss:2.61696	validation_1-merror:0.45337	validation_1-mlogloss:2.95910
[17]	validation_0-merror:0.37114	validation_0-mlogloss:2.55519	validation_1-merror:0.44930	validation_1-mlogloss:2.91035
[18]	validation_0-merror:0.36465	validation_0-mlogloss:2.49680	validation_1-merror:0.44480	validation_1-mlogloss:2.86467
[19]	validation_0-merror:0.35865	validation_0-mlogloss:2.44043	validation_1-merror:0.44132	validation_1-mlogloss:2.82092
[20]	validation_0-merror:0.35325	validation_0-mlogloss:2.38718	validation_1-merror:0.43752	validation_1-mlogloss:2.77948
[21]	validation_0-merror:0.34750	validation_0-mlogloss:2.33581	validation_1-merror:0.43514	validation_1-mlogloss:2.74015
[22]	validation_0-merror:0.34220	validation_0-mlogloss:2.28684	validation_1-merror:0.43181	validation_1-mlogloss:2.70276
[23]	validation_0-merror:0.33690	validation_0-mlogloss:2.23990	validation_1-merror:0.42875	validation_1-mlogloss:2.66685
[24]	validation_0-merror:0.33189	validation_0-mlogloss:2.19492	validation_1-merror:0.42674	validation_1-mlogloss:2.63269
[25]	validation_0-merror:0.32712	validation_0-mlogloss:2.15112	validation_1-merror:0.42412	validation_1-mlogloss:2.59971
[26]	validation_0-merror:0.32253	validation_0-mlogloss:2.10929	validation_1-merror:0.42175	validation_1-mlogloss:2.56845
[27]	validation_0-merror:0.31810	validation_0-mlogloss:2.06905	validation_1-merror:0.41924	validation_1-mlogloss:2.53826
[28]	validation_0-merror:0.31368	validation_0-mlogloss:2.02989	validation_1-merror:0.41675	validation_1-mlogloss:2.50924
[29]	validation_0-merror:0.30929	validation_0-mlogloss:1.99247	validation_1-merror:0.41502	validation_1-mlogloss:2.48133
[30]	validation_0-merror:0.30545	validation_0-mlogloss:1.95604	validation_1-merror:0.41286	validation_1-mlogloss:2.45461
[31]	validation_0-merror:0.30158	validation_0-mlogloss:1.92102	validation_1-merror:0.41039	validation_1-mlogloss:2.42859
[32]	validation_0-merror:0.29775	validation_0-mlogloss:1.88709	validation_1-merror:0.40857	validation_1-mlogloss:2.40379
[33]	validation_0-merror:0.29392	validation_0-mlogloss:1.85410	validation_1-merror:0.40674	validation_1-mlogloss:2.37966
[34]	validation_0-merror:0.29039	validation_0-mlogloss:1.82225	validation_1-merror:0.40505	validation_1-mlogloss:2.35648
[35]	validation_0-merror:0.28636	validation_0-mlogloss:1.79117	validation_1-merror:0.40358	validation_1-mlogloss:2.33389
[36]	validation_0-merror:0.28292	validation_0-mlogloss:1.76108	validation_1-merror:0.40166	validation_1-mlogloss:2.31230
[37]	validation_0-merror:0.27936	validation_0-mlogloss:1.73205	validation_1-merror:0.40074	validation_1-mlogloss:2.29164
[38]	validation_0-merror:0.27603	validation_0-mlogloss:1.70355	validation_1-merror:0.39902	validation_1-mlogloss:2.27128
[39]	validation_0-merror:0.27255	validation_0-mlogloss:1.67584	validation_1-merror:0.39727	validation_1-mlogloss:2.25159
[40]	validation_0-merror:0.26928	validation_0-mlogloss:1.64899	validation_1-merror:0.39635	validation_1-mlogloss:2.23254
[41]	validation_0-merror:0.26590	validation_0-mlogloss:1.62287	validation_1-merror:0.39486	validation_1-mlogloss:2.21410
[42]	validation_0-merror:0.26277	validation_0-mlogloss:1.59745	validation_1-merror:0.39372	validation_1-mlogloss:2.19631
[43]	validation_0-merror:0.25964	validation_0-mlogloss:1.57259	validation_1-merror:0.39230	validation_1-mlogloss:2.17906
[44]	validation_0-merror:0.25644	validation_0-mlogloss:1.54839	validation_1-merror:0.39115	validation_1-mlogloss:2.16204
[45]	validation_0-merror:0.25369	validation_0-mlogloss:1.52486	validation_1-merror:0.38998	validation_1-mlogloss:2.14574
[46]	validation_0-merror:0.25086	validation_0-mlogloss:1.50193	validation_1-merror:0.38848	validation_1-mlogloss:2.13013
[47]	validation_0-merror:0.24804	validation_0-mlogloss:1.47979	validation_1-merror:0.38769	validation_1-mlogloss:2.11505
[48]	validation_0-merror:0.24511	validation_0-mlogloss:1.45798	validation_1-merror:0.38623	validation_1-mlogloss:2.10012
[49]	validation_0-merror:0.24231	validation_0-mlogloss:1.43656	validation_1-merror:0.38522	validation_1-mlogloss:2.08554
[50]	validation_0-merror:0.23979	validation_0-mlogloss:1.41587	validation_1-merror:0.38411	validation_1-mlogloss:2.07142
[51]	validation_0-merror:0.23713	validation_0-mlogloss:1.39555	validation_1-merror:0.38323	validation_1-mlogloss:2.05747
[52]	validation_0-merror:0.23430	validation_0-mlogloss:1.37582	validation_1-merror:0.38192	validation_1-mlogloss:2.04428
[53]	validation_0-merror:0.23149	validation_0-mlogloss:1.35625	validation_1-merror:0.38126	validation_1-mlogloss:2.03116
[54]	validation_0-merror:0.22889	validation_0-mlogloss:1.33719	validation_1-merror:0.38023	validation_1-mlogloss:2.01853
[55]	validation_0-merror:0.22628	validation_0-mlogloss:1.31867	validation_1-merror:0.37905	validation_1-mlogloss:2.00622
[56]	validation_0-merror:0.22380	validation_0-mlogloss:1.30054	validation_1-merror:0.37807	validation_1-mlogloss:1.99439
[57]	validation_0-merror:0.22137	validation_0-mlogloss:1.28284	validation_1-merror:0.37741	validation_1-mlogloss:1.98271
[58]	validation_0-merror:0.21894	validation_0-mlogloss:1.26540	validation_1-merror:0.37654	validation_1-mlogloss:1.97124
[59]	validation_0-merror:0.21672	validation_0-mlogloss:1.24844	validation_1-merror:0.37599	validation_1-mlogloss:1.96008
[60]	validation_0-merror:0.21429	validation_0-mlogloss:1.23176	validation_1-merror:0.37523	validation_1-mlogloss:1.94924
[61]	validation_0-merror:0.21178	validation_0-mlogloss:1.21554	validation_1-merror:0.37429	validation_1-mlogloss:1.93869
[62]	validation_0-merror:0.20943	validation_0-mlogloss:1.19949	validation_1-merror:0.37370	validation_1-mlogloss:1.92843
[63]	validation_0-merror:0.20721	validation_0-mlogloss:1.18385	validation_1-merror:0.37269	validation_1-mlogloss:1.91829
[64]	validation_0-merror:0.20498	validation_0-mlogloss:1.16864	validation_1-merror:0.37249	validation_1-mlogloss:1.90851
[65]	validation_0-merror:0.20273	validation_0-mlogloss:1.15367	validation_1-merror:0.37153	validation_1-mlogloss:1.89900
[66]	validation_0-merror:0.20063	validation_0-mlogloss:1.13882	validation_1-merror:0.37064	validation_1-mlogloss:1.88969
[67]	validation_0-merror:0.19842	validation_0-mlogloss:1.12445	validation_1-merror:0.36996	validation_1-mlogloss:1.88055
[68]	validation_0-merror:0.19627	validation_0-mlogloss:1.11029	validation_1-merror:0.36958	validation_1-mlogloss:1.87169
[69]	validation_0-merror:0.19412	validation_0-mlogloss:1.09640	validation_1-merror:0.36891	validation_1-mlogloss:1.86295
[70]	validation_0-merror:0.19177	validation_0-mlogloss:1.08273	validation_1-merror:0.36838	validation_1-mlogloss:1.85437
[71]	validation_0-merror:0.18968	validation_0-mlogloss:1.06935	validation_1-merror:0.36775	validation_1-mlogloss:1.84592
[72]	validation_0-merror:0.18751	validation_0-mlogloss:1.05623	validation_1-merror:0.36718	validation_1-mlogloss:1.83775
[73]	validation_0-merror:0.18545	validation_0-mlogloss:1.04331	validation_1-merror:0.36642	validation_1-mlogloss:1.82965
[74]	validation_0-merror:0.18337	validation_0-mlogloss:1.03066	validation_1-merror:0.36552	validation_1-mlogloss:1.82191
[75]	validation_0-merror:0.18130	validation_0-mlogloss:1.01823	validation_1-merror:0.36519	validation_1-mlogloss:1.81429
[76]	validation_0-merror:0.17943	validation_0-mlogloss:1.00618	validation_1-merror:0.36442	validation_1-mlogloss:1.80677
[77]	validation_0-merror:0.17755	validation_0-mlogloss:0.99424	validation_1-merror:0.36390	validation_1-mlogloss:1.79943
[78]	validation_0-merror:0.17561	validation_0-mlogloss:0.98246	validation_1-merror:0.36333	validation_1-mlogloss:1.79224
[79]	validation_0-merror:0.17388	validation_0-mlogloss:0.97092	validation_1-merror:0.36283	validation_1-mlogloss:1.78517
[80]	validation_0-merror:0.17206	validation_0-mlogloss:0.95976	validation_1-merror:0.36211	validation_1-mlogloss:1.77835
[81]	validation_0-merror:0.17019	validation_0-mlogloss:0.94881	validation_1-merror:0.36180	validation_1-mlogloss:1.77178
[82]	validation_0-merror:0.16828	validation_0-mlogloss:0.93769	validation_1-merror:0.36115	validation_1-mlogloss:1.76515
[83]	validation_0-merror:0.16655	validation_0-mlogloss:0.92696	validation_1-merror:0.36064	validation_1-mlogloss:1.75865
[84]	validation_0-merror:0.16472	validation_0-mlogloss:0.91649	validation_1-merror:0.36029	validation_1-mlogloss:1.75231
[85]	validation_0-merror:0.16294	validation_0-mlogloss:0.90622	validation_1-merror:0.35983	validation_1-mlogloss:1.74616
[86]	validation_0-merror:0.16125	validation_0-mlogloss:0.89608	validation_1-merror:0.35920	validation_1-mlogloss:1.74014
[87]	validation_0-merror:0.15934	validation_0-mlogloss:0.88597	validation_1-merror:0.35878	validation_1-mlogloss:1.73418
[88]	validation_0-merror:0.15763	validation_0-mlogloss:0.87609	validation_1-merror:0.35800	validation_1-mlogloss:1.72839
[89]	validation_0-merror:0.15591	validation_0-mlogloss:0.86647	validation_1-merror:0.35780	validation_1-mlogloss:1.72276
[90]	validation_0-merror:0.15427	validation_0-mlogloss:0.85700	validation_1-merror:0.35739	validation_1-mlogloss:1.71723
[91]	validation_0-merror:0.15258	validation_0-mlogloss:0.84762	validation_1-merror:0.35647	validation_1-mlogloss:1.71171
[92]	validation_0-merror:0.15109	validation_0-mlogloss:0.83855	validation_1-merror:0.35614	validation_1-mlogloss:1.70638
[93]	validation_0-merror:0.14950	validation_0-mlogloss:0.82945	validation_1-merror:0.35568	validation_1-mlogloss:1.70107
[94]	validation_0-merror:0.14794	validation_0-mlogloss:0.82057	validation_1-merror:0.35516	validation_1-mlogloss:1.69605
[95]	validation_0-merror:0.14635	validation_0-mlogloss:0.81172	validation_1-merror:0.35489	validation_1-mlogloss:1.69089
[96]	validation_0-merror:0.14474	validation_0-mlogloss:0.80303	validation_1-merror:0.35439	validation_1-mlogloss:1.68584
[97]	validation_0-merror:0.14329	validation_0-mlogloss:0.79460	validation_1-merror:0.35382	validation_1-mlogloss:1.68099
[98]	validation_0-merror:0.14169	validation_0-mlogloss:0.78629	validation_1-merror:0.35341	validation_1-mlogloss:1.67623
[99]	validation_0-merror:0.13993	validation_0-mlogloss:0.77803	validation_1-merror:0.35327	validation_1-mlogloss:1.67144
[100]	validation_0-merror:0.13841	validation_0-mlogloss:0.76992	validation_1-merror:0.35271	validation_1-mlogloss:1.66684
[101]	validation_0-merror:0.13687	validation_0-mlogloss:0.76192	validation_1-merror:0.35214	validation_1-mlogloss:1.66237
[102]	validation_0-merror:0.13543	validation_0-mlogloss:0.75420	validation_1-merror:0.35166	validation_1-mlogloss:1.65800
[103]	validation_0-merror:0.13387	validation_0-mlogloss:0.74644	validation_1-merror:0.35133	validation_1-mlogloss:1.65361
[104]	validation_0-merror:0.13240	validation_0-mlogloss:0.73881	validation_1-merror:0.35109	validation_1-mlogloss:1.64937
[105]	validation_0-merror:0.13106	validation_0-mlogloss:0.73121	validation_1-merror:0.35052	validation_1-mlogloss:1.64513
[106]	validation_0-merror:0.12957	validation_0-mlogloss:0.72390	validation_1-merror:0.35041	validation_1-mlogloss:1.64102
[107]	validation_0-merror:0.12821	validation_0-mlogloss:0.71661	validation_1-merror:0.34997	validation_1-mlogloss:1.63699
[108]	validation_0-merror:0.12688	validation_0-mlogloss:0.70931	validation_1-merror:0.34964	validation_1-mlogloss:1.63299
[109]	validation_0-merror:0.12564	validation_0-mlogloss:0.70230	validation_1-merror:0.34949	validation_1-mlogloss:1.62910
[110]	validation_0-merror:0.12419	validation_0-mlogloss:0.69542	validation_1-merror:0.34873	validation_1-mlogloss:1.62533
[111]	validation_0-merror:0.12283	validation_0-mlogloss:0.68853	validation_1-merror:0.34824	validation_1-mlogloss:1.62154
[112]	validation_0-merror:0.12157	validation_0-mlogloss:0.68179	validation_1-merror:0.34812	validation_1-mlogloss:1.61786
[113]	validation_0-merror:0.12044	validation_0-mlogloss:0.67504	validation_1-merror:0.34776	validation_1-mlogloss:1.61430
[114]	validation_0-merror:0.11903	validation_0-mlogloss:0.66842	validation_1-merror:0.34770	validation_1-mlogloss:1.61073
[115]	validation_0-merror:0.11778	validation_0-mlogloss:0.66207	validation_1-merror:0.34724	validation_1-mlogloss:1.60722
[116]	validation_0-merror:0.11652	validation_0-mlogloss:0.65576	validation_1-merror:0.34698	validation_1-mlogloss:1.60376
[117]	validation_0-merror:0.11530	validation_0-mlogloss:0.64948	validation_1-merror:0.34685	validation_1-mlogloss:1.60038
[118]	validation_0-merror:0.11406	validation_0-mlogloss:0.64330	validation_1-merror:0.34610	validation_1-mlogloss:1.59705
[119]	validation_0-merror:0.11295	validation_0-mlogloss:0.63713	validation_1-merror:0.34606	validation_1-mlogloss:1.59373
[120]	validation_0-merror:0.11182	validation_0-mlogloss:0.63118	validation_1-merror:0.34545	validation_1-mlogloss:1.59063
[121]	validation_0-merror:0.11059	validation_0-mlogloss:0.62520	validation_1-merror:0.34558	validation_1-mlogloss:1.58748
[122]	validation_0-merror:0.10941	validation_0-mlogloss:0.61935	validation_1-merror:0.34538	validation_1-mlogloss:1.58437
[123]	validation_0-merror:0.10825	validation_0-mlogloss:0.61353	validation_1-merror:0.34496	validation_1-mlogloss:1.58128
[124]	validation_0-merror:0.10696	validation_0-mlogloss:0.60778	validation_1-merror:0.34472	validation_1-mlogloss:1.57817
[125]	validation_0-merror:0.10588	validation_0-mlogloss:0.60223	validation_1-merror:0.34429	validation_1-mlogloss:1.57539
[126]	validation_0-merror:0.10473	validation_0-mlogloss:0.59676	validation_1-merror:0.34407	validation_1-mlogloss:1.57262
[127]	validation_0-merror:0.10371	validation_0-mlogloss:0.59122	validation_1-merror:0.34400	validation_1-mlogloss:1.56972
[128]	validation_0-merror:0.10260	validation_0-mlogloss:0.58584	validation_1-merror:0.34350	validation_1-mlogloss:1.56695
[129]	validation_0-merror:0.10150	validation_0-mlogloss:0.58063	validation_1-merror:0.34332	validation_1-mlogloss:1.56416
[130]	validation_0-merror:0.10045	validation_0-mlogloss:0.57541	validation_1-merror:0.34298	validation_1-mlogloss:1.56146
[131]	validation_0-merror:0.09923	validation_0-mlogloss:0.57022	validation_1-merror:0.34271	validation_1-mlogloss:1.55879
[132]	validation_0-merror:0.09831	validation_0-mlogloss:0.56517	validation_1-merror:0.34217	validation_1-mlogloss:1.55619
[133]	validation_0-merror:0.09734	validation_0-mlogloss:0.56013	validation_1-merror:0.34223	validation_1-mlogloss:1.55358
[134]	validation_0-merror:0.09636	validation_0-mlogloss:0.55521	validation_1-merror:0.34188	validation_1-mlogloss:1.55111
[135]	validation_0-merror:0.09539	validation_0-mlogloss:0.55036	validation_1-merror:0.34149	validation_1-mlogloss:1.54858
[136]	validation_0-merror:0.09444	validation_0-mlogloss:0.54547	validation_1-merror:0.34144	validation_1-mlogloss:1.54608
[137]	validation_0-merror:0.09350	validation_0-mlogloss:0.54076	validation_1-merror:0.34103	validation_1-mlogloss:1.54362
[138]	validation_0-merror:0.09262	validation_0-mlogloss:0.53608	validation_1-merror:0.34097	validation_1-mlogloss:1.54121
[139]	validation_0-merror:0.09168	validation_0-mlogloss:0.53143	validation_1-merror:0.34077	validation_1-mlogloss:1.53885
[140]	validation_0-merror:0.09070	validation_0-mlogloss:0.52682	validation_1-merror:0.34059	validation_1-mlogloss:1.53649
[141]	validation_0-merror:0.08976	validation_0-mlogloss:0.52223	validation_1-merror:0.34037	validation_1-mlogloss:1.53415
[142]	validation_0-merror:0.08885	validation_0-mlogloss:0.51777	validation_1-merror:0.34022	validation_1-mlogloss:1.53190
[143]	validation_0-merror:0.08793	validation_0-mlogloss:0.51344	validation_1-merror:0.33998	validation_1-mlogloss:1.52969
[144]	validation_0-merror:0.08695	validation_0-mlogloss:0.50901	validation_1-merror:0.33996	validation_1-mlogloss:1.52740
[145]	validation_0-merror:0.08612	validation_0-mlogloss:0.50471	validation_1-merror:0.33983	validation_1-mlogloss:1.52529
[146]	validation_0-merror:0.08524	validation_0-mlogloss:0.50048	validation_1-merror:0.33943	validation_1-mlogloss:1.52310
[147]	validation_0-merror:0.08431	validation_0-mlogloss:0.49633	validation_1-merror:0.33910	validation_1-mlogloss:1.52096
[148]	validation_0-merror:0.08341	validation_0-mlogloss:0.49227	validation_1-merror:0.33900	validation_1-mlogloss:1.51894
[149]	validation_0-merror:0.08250	validation_0-mlogloss:0.48814	validation_1-merror:0.33851	validation_1-mlogloss:1.51679
[150]	validation_0-merror:0.08154	validation_0-mlogloss:0.48416	validation_1-merror:0.33851	validation_1-mlogloss:1.51475
[151]	validation_0-merror:0.08078	validation_0-mlogloss:0.48021	validation_1-merror:0.33843	validation_1-mlogloss:1.51293
[152]	validation_0-merror:0.08002	validation_0-mlogloss:0.47629	validation_1-merror:0.33825	validation_1-mlogloss:1.51092
[153]	validation_0-merror:0.07926	validation_0-mlogloss:0.47246	validation_1-merror:0.33808	validation_1-mlogloss:1.50904
[154]	validation_0-merror:0.07847	validation_0-mlogloss:0.46865	validation_1-merror:0.33808	validation_1-mlogloss:1.50721
[155]	validation_0-merror:0.07779	validation_0-mlogloss:0.46490	validation_1-merror:0.33788	validation_1-mlogloss:1.50531
[156]	validation_0-merror:0.07707	validation_0-mlogloss:0.46114	validation_1-merror:0.33779	validation_1-mlogloss:1.50342
[157]	validation_0-merror:0.07628	validation_0-mlogloss:0.45746	validation_1-merror:0.33779	validation_1-mlogloss:1.50159
[158]	validation_0-merror:0.07554	validation_0-mlogloss:0.45376	validation_1-merror:0.33733	validation_1-mlogloss:1.49982
[159]	validation_0-merror:0.07484	validation_0-mlogloss:0.45023	validation_1-merror:0.33698	validation_1-mlogloss:1.49807
[160]	validation_0-merror:0.07413	validation_0-mlogloss:0.44672	validation_1-merror:0.33701	validation_1-mlogloss:1.49636
[161]	validation_0-merror:0.07340	validation_0-mlogloss:0.44318	validation_1-merror:0.33692	validation_1-mlogloss:1.49458
[162]	validation_0-merror:0.07270	validation_0-mlogloss:0.43973	validation_1-merror:0.33661	validation_1-mlogloss:1.49288
[163]	validation_0-merror:0.07196	validation_0-mlogloss:0.43629	validation_1-merror:0.33618	validation_1-mlogloss:1.49116
[164]	validation_0-merror:0.07122	validation_0-mlogloss:0.43292	validation_1-merror:0.33624	validation_1-mlogloss:1.48948
[165]	validation_0-merror:0.07053	validation_0-mlogloss:0.42966	validation_1-merror:0.33611	validation_1-mlogloss:1.48784
[166]	validation_0-merror:0.06973	validation_0-mlogloss:0.42641	validation_1-merror:0.33587	validation_1-mlogloss:1.48615
[167]	validation_0-merror:0.06914	validation_0-mlogloss:0.42322	validation_1-merror:0.33561	validation_1-mlogloss:1.48461
[168]	validation_0-merror:0.06844	validation_0-mlogloss:0.42004	validation_1-merror:0.33541	validation_1-mlogloss:1.48298
[169]	validation_0-merror:0.06786	validation_0-mlogloss:0.41692	validation_1-merror:0.33524	validation_1-mlogloss:1.48148
[170]	validation_0-merror:0.06735	validation_0-mlogloss:0.41382	validation_1-merror:0.33504	validation_1-mlogloss:1.48000
[171]	validation_0-merror:0.06678	validation_0-mlogloss:0.41075	validation_1-merror:0.33506	validation_1-mlogloss:1.47855
[172]	validation_0-merror:0.06629	validation_0-mlogloss:0.40769	validation_1-merror:0.33484	validation_1-mlogloss:1.47711
[173]	validation_0-merror:0.06562	validation_0-mlogloss:0.40470	validation_1-merror:0.33464	validation_1-mlogloss:1.47565
[174]	validation_0-merror:0.06507	validation_0-mlogloss:0.40167	validation_1-merror:0.33429	validation_1-mlogloss:1.47422
[175]	validation_0-merror:0.06454	validation_0-mlogloss:0.39873	validation_1-merror:0.33441	validation_1-mlogloss:1.47281
[176]	validation_0-merror:0.06403	validation_0-mlogloss:0.39585	validation_1-merror:0.33421	validation_1-mlogloss:1.47139
[177]	validation_0-merror:0.06336	validation_0-mlogloss:0.39293	validation_1-merror:0.33406	validation_1-mlogloss:1.47005
[178]	validation_0-merror:0.06277	validation_0-mlogloss:0.39004	validation_1-merror:0.33386	validation_1-mlogloss:1.46865
[179]	validation_0-merror:0.06218	validation_0-mlogloss:0.38727	validation_1-merror:0.33373	validation_1-mlogloss:1.46730
[180]	validation_0-merror:0.06152	validation_0-mlogloss:0.38452	validation_1-merror:0.33362	validation_1-mlogloss:1.46603
[181]	validation_0-merror:0.06100	validation_0-mlogloss:0.38179	validation_1-merror:0.33359	validation_1-mlogloss:1.46474
[182]	validation_0-merror:0.06043	validation_0-mlogloss:0.37904	validation_1-merror:0.33368	validation_1-mlogloss:1.46347
[183]	validation_0-merror:0.05992	validation_0-mlogloss:0.37634	validation_1-merror:0.33351	validation_1-mlogloss:1.46219
[184]	validation_0-merror:0.05933	validation_0-mlogloss:0.37371	validation_1-merror:0.33320	validation_1-mlogloss:1.46095
[185]	validation_0-merror:0.05884	validation_0-mlogloss:0.37114	validation_1-merror:0.33316	validation_1-mlogloss:1.45973
[186]	validation_0-merror:0.05827	validation_0-mlogloss:0.36862	validation_1-merror:0.33329	validation_1-mlogloss:1.45859
[187]	validation_0-merror:0.05777	validation_0-mlogloss:0.36605	validation_1-merror:0.33300	validation_1-mlogloss:1.45736
[188]	validation_0-merror:0.05725	validation_0-mlogloss:0.36352	validation_1-merror:0.33292	validation_1-mlogloss:1.45617
[189]	validation_0-merror:0.05671	validation_0-mlogloss:0.36096	validation_1-merror:0.33257	validation_1-mlogloss:1.45497
[190]	validation_0-merror:0.05618	validation_0-mlogloss:0.35843	validation_1-merror:0.33263	validation_1-mlogloss:1.45382
[191]	validation_0-merror:0.05567	validation_0-mlogloss:0.35595	validation_1-merror:0.33253	validation_1-mlogloss:1.45269
[192]	validation_0-merror:0.05516	validation_0-mlogloss:0.35353	validation_1-merror:0.33239	validation_1-mlogloss:1.45156
[193]	validation_0-merror:0.05471	validation_0-mlogloss:0.35111	validation_1-merror:0.33218	validation_1-mlogloss:1.45046
[194]	validation_0-merror:0.05426	validation_0-mlogloss:0.34876	validation_1-merror:0.33217	validation_1-mlogloss:1.44940
[195]	validation_0-merror:0.05386	validation_0-mlogloss:0.34644	validation_1-merror:0.33193	validation_1-mlogloss:1.44837
[196]	validation_0-merror:0.05339	validation_0-mlogloss:0.34415	validation_1-merror:0.33185	validation_1-mlogloss:1.44729
[197]	validation_0-merror:0.05290	validation_0-mlogloss:0.34182	validation_1-merror:0.33191	validation_1-mlogloss:1.44625
[198]	validation_0-merror:0.05253	validation_0-mlogloss:0.33961	validation_1-merror:0.33191	validation_1-mlogloss:1.44532
[199]	validation_0-merror:0.05216	validation_0-mlogloss:0.33740	validation_1-merror:0.33182	validation_1-mlogloss:1.44436
[200]	validation_0-merror:0.05171	validation_0-mlogloss:0.33523	validation_1-merror:0.33161	validation_1-mlogloss:1.44341
[201]	validation_0-merror:0.05122	validation_0-mlogloss:0.33301	validation_1-merror:0.33161	validation_1-mlogloss:1.44240
[202]	validation_0-merror:0.05088	validation_0-mlogloss:0.33088	validation_1-merror:0.33137	validation_1-mlogloss:1.44139
[203]	validation_0-merror:0.05047	validation_0-mlogloss:0.32875	validation_1-merror:0.33130	validation_1-mlogloss:1.44042
[204]	validation_0-merror:0.05002	validation_0-mlogloss:0.32663	validation_1-merror:0.33139	validation_1-mlogloss:1.43941
[205]	validation_0-merror:0.04952	validation_0-mlogloss:0.32447	validation_1-merror:0.33117	validation_1-mlogloss:1.43846
[206]	validation_0-merror:0.04913	validation_0-mlogloss:0.32239	validation_1-merror:0.33106	validation_1-mlogloss:1.43748
[207]	validation_0-merror:0.04878	validation_0-mlogloss:0.32035	validation_1-merror:0.33099	validation_1-mlogloss:1.43654
[208]	validation_0-merror:0.04841	validation_0-mlogloss:0.31832	validation_1-merror:0.33093	validation_1-mlogloss:1.43563
[209]	validation_0-merror:0.04805	validation_0-mlogloss:0.31634	validation_1-merror:0.33062	validation_1-mlogloss:1.43470
[210]	validation_0-merror:0.04770	validation_0-mlogloss:0.31436	validation_1-merror:0.33043	validation_1-mlogloss:1.43377
[211]	validation_0-merror:0.04726	validation_0-mlogloss:0.31236	validation_1-merror:0.33049	validation_1-mlogloss:1.43293
[212]	validation_0-merror:0.04695	validation_0-mlogloss:0.31046	validation_1-merror:0.33032	validation_1-mlogloss:1.43212
[213]	validation_0-merror:0.04664	validation_0-mlogloss:0.30859	validation_1-merror:0.33036	validation_1-mlogloss:1.43131
[214]	validation_0-merror:0.04626	validation_0-mlogloss:0.30667	validation_1-merror:0.33043	validation_1-mlogloss:1.43049
[215]	validation_0-merror:0.04593	validation_0-mlogloss:0.30480	validation_1-merror:0.33003	validation_1-mlogloss:1.42961
[216]	validation_0-merror:0.04559	validation_0-mlogloss:0.30293	validation_1-merror:0.33001	validation_1-mlogloss:1.42881
[217]	validation_0-merror:0.04521	validation_0-mlogloss:0.30111	validation_1-merror:0.33001	validation_1-mlogloss:1.42800
[218]	validation_0-merror:0.04486	validation_0-mlogloss:0.29922	validation_1-merror:0.33003	validation_1-mlogloss:1.42719
[219]	validation_0-merror:0.04451	validation_0-mlogloss:0.29740	validation_1-merror:0.32988	validation_1-mlogloss:1.42644
[220]	validation_0-merror:0.04416	validation_0-mlogloss:0.29561	validation_1-merror:0.32966	validation_1-mlogloss:1.42567
[221]	validation_0-merror:0.04383	validation_0-mlogloss:0.29384	validation_1-merror:0.32966	validation_1-mlogloss:1.42486
[222]	validation_0-merror:0.04354	validation_0-mlogloss:0.29208	validation_1-merror:0.32957	validation_1-mlogloss:1.42410
[223]	validation_0-merror:0.04323	validation_0-mlogloss:0.29035	validation_1-merror:0.32953	validation_1-mlogloss:1.42331
[224]	validation_0-merror:0.04295	validation_0-mlogloss:0.28861	validation_1-merror:0.32951	validation_1-mlogloss:1.42260
[225]	validation_0-merror:0.04262	validation_0-mlogloss:0.28692	validation_1-merror:0.32959	validation_1-mlogloss:1.42183
[226]	validation_0-merror:0.04226	validation_0-mlogloss:0.28520	validation_1-merror:0.32933	validation_1-mlogloss:1.42109
[227]	validation_0-merror:0.04202	validation_0-mlogloss:0.28356	validation_1-merror:0.32911	validation_1-mlogloss:1.42032
[228]	validation_0-merror:0.04174	validation_0-mlogloss:0.28192	validation_1-merror:0.32914	validation_1-mlogloss:1.41969
[229]	validation_0-merror:0.04147	validation_0-mlogloss:0.28024	validation_1-merror:0.32914	validation_1-mlogloss:1.41894
[230]	validation_0-merror:0.04120	validation_0-mlogloss:0.27863	validation_1-merror:0.32914	validation_1-mlogloss:1.41827
[231]	validation_0-merror:0.04081	validation_0-mlogloss:0.27704	validation_1-merror:0.32913	validation_1-mlogloss:1.41757
[232]	validation_0-merror:0.04050	validation_0-mlogloss:0.27543	validation_1-merror:0.32876	validation_1-mlogloss:1.41684
[233]	validation_0-merror:0.04026	validation_0-mlogloss:0.27389	validation_1-merror:0.32881	validation_1-mlogloss:1.41618
[234]	validation_0-merror:0.03996	validation_0-mlogloss:0.27228	validation_1-merror:0.32902	validation_1-mlogloss:1.41554
[235]	validation_0-merror:0.03971	validation_0-mlogloss:0.27070	validation_1-merror:0.32878	validation_1-mlogloss:1.41490
[236]	validation_0-merror:0.03938	validation_0-mlogloss:0.26920	validation_1-merror:0.32874	validation_1-mlogloss:1.41427
[237]	validation_0-merror:0.03915	validation_0-mlogloss:0.26774	validation_1-merror:0.32892	validation_1-mlogloss:1.41364
[238]	validation_0-merror:0.03892	validation_0-mlogloss:0.26624	validation_1-merror:0.32854	validation_1-mlogloss:1.41306
[239]	validation_0-merror:0.03863	validation_0-mlogloss:0.26470	validation_1-merror:0.32839	validation_1-mlogloss:1.41239
[240]	validation_0-merror:0.03841	validation_0-mlogloss:0.26325	validation_1-merror:0.32830	validation_1-mlogloss:1.41177
[241]	validation_0-merror:0.03819	validation_0-mlogloss:0.26179	validation_1-merror:0.32820	validation_1-mlogloss:1.41111
[242]	validation_0-merror:0.03789	validation_0-mlogloss:0.26032	validation_1-merror:0.32806	validation_1-mlogloss:1.41049
[243]	validation_0-merror:0.03766	validation_0-mlogloss:0.25889	validation_1-merror:0.32791	validation_1-mlogloss:1.40992
[244]	validation_0-merror:0.03737	validation_0-mlogloss:0.25749	validation_1-merror:0.32802	validation_1-mlogloss:1.40934
[245]	validation_0-merror:0.03713	validation_0-mlogloss:0.25603	validation_1-merror:0.32793	validation_1-mlogloss:1.40876
[246]	validation_0-merror:0.03689	validation_0-mlogloss:0.25458	validation_1-merror:0.32758	validation_1-mlogloss:1.40815
[247]	validation_0-merror:0.03669	validation_0-mlogloss:0.25319	validation_1-merror:0.32756	validation_1-mlogloss:1.40759
[248]	validation_0-merror:0.03639	validation_0-mlogloss:0.25179	validation_1-merror:0.32745	validation_1-mlogloss:1.40701
[249]	validation_0-merror:0.03617	validation_0-mlogloss:0.25041	validation_1-merror:0.32747	validation_1-mlogloss:1.40643
[250]	validation_0-merror:0.03596	validation_0-mlogloss:0.24908	validation_1-merror:0.32737	validation_1-mlogloss:1.40587
[251]	validation_0-merror:0.03576	validation_0-mlogloss:0.24780	validation_1-merror:0.32725	validation_1-mlogloss:1.40531
[252]	validation_0-merror:0.03548	validation_0-mlogloss:0.24646	validation_1-merror:0.32726	validation_1-mlogloss:1.40474
[253]	validation_0-merror:0.03524	validation_0-mlogloss:0.24510	validation_1-merror:0.32723	validation_1-mlogloss:1.40421
[254]	validation_0-merror:0.03501	validation_0-mlogloss:0.24378	validation_1-merror:0.32708	validation_1-mlogloss:1.40375
[255]	validation_0-merror:0.03480	validation_0-mlogloss:0.24245	validation_1-merror:0.32682	validation_1-mlogloss:1.40319
[256]	validation_0-merror:0.03460	validation_0-mlogloss:0.24117	validation_1-merror:0.32691	validation_1-mlogloss:1.40270
[257]	validation_0-merror:0.03433	validation_0-mlogloss:0.23992	validation_1-merror:0.32658	validation_1-mlogloss:1.40219
[258]	validation_0-merror:0.03412	validation_0-mlogloss:0.23863	validation_1-merror:0.32671	validation_1-mlogloss:1.40162
[259]	validation_0-merror:0.03391	validation_0-mlogloss:0.23732	validation_1-merror:0.32669	validation_1-mlogloss:1.40109
[260]	validation_0-merror:0.03372	validation_0-mlogloss:0.23609	validation_1-merror:0.32644	validation_1-mlogloss:1.40057
[261]	validation_0-merror:0.03352	validation_0-mlogloss:0.23490	validation_1-merror:0.32651	validation_1-mlogloss:1.40012
[262]	validation_0-merror:0.03335	validation_0-mlogloss:0.23368	validation_1-merror:0.32660	validation_1-mlogloss:1.39967
[263]	validation_0-merror:0.03309	validation_0-mlogloss:0.23248	validation_1-merror:0.32651	validation_1-mlogloss:1.39921
[264]	validation_0-merror:0.03288	validation_0-mlogloss:0.23127	validation_1-merror:0.32647	validation_1-mlogloss:1.39870
[265]	validation_0-merror:0.03272	validation_0-mlogloss:0.23012	validation_1-merror:0.32621	validation_1-mlogloss:1.39823
[266]	validation_0-merror:0.03253	validation_0-mlogloss:0.22892	validation_1-merror:0.32640	validation_1-mlogloss:1.39784
[267]	validation_0-merror:0.03238	validation_0-mlogloss:0.22774	validation_1-merror:0.32655	validation_1-mlogloss:1.39736
[268]	validation_0-merror:0.03218	validation_0-mlogloss:0.22660	validation_1-merror:0.32656	validation_1-mlogloss:1.39693
[269]	validation_0-merror:0.03199	validation_0-mlogloss:0.22546	validation_1-merror:0.32647	validation_1-mlogloss:1.39644
[270]	validation_0-merror:0.03178	validation_0-mlogloss:0.22430	validation_1-merror:0.32621	validation_1-mlogloss:1.39595
[271]	validation_0-merror:0.03161	validation_0-mlogloss:0.22314	validation_1-merror:0.32625	validation_1-mlogloss:1.39556
[272]	validation_0-merror:0.03144	validation_0-mlogloss:0.22204	validation_1-merror:0.32618	validation_1-mlogloss:1.39509
[273]	validation_0-merror:0.03127	validation_0-mlogloss:0.22096	validation_1-merror:0.32603	validation_1-mlogloss:1.39462
[274]	validation_0-merror:0.03109	validation_0-mlogloss:0.21987	validation_1-merror:0.32586	validation_1-mlogloss:1.39413
[275]	validation_0-merror:0.03090	validation_0-mlogloss:0.21879	validation_1-merror:0.32572	validation_1-mlogloss:1.39373
[276]	validation_0-merror:0.03072	validation_0-mlogloss:0.21767	validation_1-merror:0.32594	validation_1-mlogloss:1.39325
[277]	validation_0-merror:0.03053	validation_0-mlogloss:0.21663	validation_1-merror:0.32590	validation_1-mlogloss:1.39287
[278]	validation_0-merror:0.03042	validation_0-mlogloss:0.21558	validation_1-merror:0.32583	validation_1-mlogloss:1.39237
[279]	validation_0-merror:0.03026	validation_0-mlogloss:0.21448	validation_1-merror:0.32553	validation_1-mlogloss:1.39195
[280]	validation_0-merror:0.03010	validation_0-mlogloss:0.21338	validation_1-merror:0.32568	validation_1-mlogloss:1.39149
[281]	validation_0-merror:0.02992	validation_0-mlogloss:0.21235	validation_1-merror:0.32540	validation_1-mlogloss:1.39106
[282]	validation_0-merror:0.02979	validation_0-mlogloss:0.21133	validation_1-merror:0.32535	validation_1-mlogloss:1.39067
[283]	validation_0-merror:0.02961	validation_0-mlogloss:0.21031	validation_1-merror:0.32524	validation_1-mlogloss:1.39029
[284]	validation_0-merror:0.02945	validation_0-mlogloss:0.20925	validation_1-merror:0.32518	validation_1-mlogloss:1.38986
[285]	validation_0-merror:0.02930	validation_0-mlogloss:0.20824	validation_1-merror:0.32522	validation_1-mlogloss:1.38945
[286]	validation_0-merror:0.02913	validation_0-mlogloss:0.20723	validation_1-merror:0.32507	validation_1-mlogloss:1.38905
[287]	validation_0-merror:0.02899	validation_0-mlogloss:0.20622	validation_1-merror:0.32505	validation_1-mlogloss:1.38867
[288]	validation_0-merror:0.02885	validation_0-mlogloss:0.20526	validation_1-merror:0.32498	validation_1-mlogloss:1.38830
[289]	validation_0-merror:0.02869	validation_0-mlogloss:0.20430	validation_1-merror:0.32492	validation_1-mlogloss:1.38794
[290]	validation_0-merror:0.02854	validation_0-mlogloss:0.20336	validation_1-merror:0.32474	validation_1-mlogloss:1.38756
[291]	validation_0-merror:0.02841	validation_0-mlogloss:0.20239	validation_1-merror:0.32485	validation_1-mlogloss:1.38720
[292]	validation_0-merror:0.02830	validation_0-mlogloss:0.20145	validation_1-merror:0.32489	validation_1-mlogloss:1.38684
[293]	validation_0-merror:0.02816	validation_0-mlogloss:0.20050	validation_1-merror:0.32491	validation_1-mlogloss:1.38641
[294]	validation_0-merror:0.02802	validation_0-mlogloss:0.19955	validation_1-merror:0.32459	validation_1-mlogloss:1.38603
[295]	validation_0-merror:0.02787	validation_0-mlogloss:0.19862	validation_1-merror:0.32465	validation_1-mlogloss:1.38566
[296]	validation_0-merror:0.02772	validation_0-mlogloss:0.19772	validation_1-merror:0.32467	validation_1-mlogloss:1.38532
[297]	validation_0-merror:0.02760	validation_0-mlogloss:0.19678	validation_1-merror:0.32446	validation_1-mlogloss:1.38491
[298]	validation_0-merror:0.02750	validation_0-mlogloss:0.19590	validation_1-merror:0.32467	validation_1-mlogloss:1.38457
[299]	validation_0-merror:0.02738	validation_0-mlogloss:0.19497	validation_1-merror:0.32457	validation_1-mlogloss:1.38419
[300]	validation_0-merror:0.02729	validation_0-mlogloss:0.19411	validation_1-merror:0.32459	validation_1-mlogloss:1.38388
[301]	validation_0-merror:0.02718	validation_0-mlogloss:0.19322	validation_1-merror:0.32441	validation_1-mlogloss:1.38357
[302]	validation_0-merror:0.02706	validation_0-mlogloss:0.19237	validation_1-merror:0.32432	validation_1-mlogloss:1.38325
[303]	validation_0-merror:0.02692	validation_0-mlogloss:0.19151	validation_1-merror:0.32433	validation_1-mlogloss:1.38293
[304]	validation_0-merror:0.02684	validation_0-mlogloss:0.19061	validation_1-merror:0.32439	validation_1-mlogloss:1.38261
[305]	validation_0-merror:0.02674	validation_0-mlogloss:0.18977	validation_1-merror:0.32459	validation_1-mlogloss:1.38226
[306]	validation_0-merror:0.02655	validation_0-mlogloss:0.18895	validation_1-merror:0.32444	validation_1-mlogloss:1.38197
[307]	validation_0-merror:0.02643	validation_0-mlogloss:0.18810	validation_1-merror:0.32448	validation_1-mlogloss:1.38165
[308]	validation_0-merror:0.02634	validation_0-mlogloss:0.18726	validation_1-merror:0.32432	validation_1-mlogloss:1.38135
[309]	validation_0-merror:0.02621	validation_0-mlogloss:0.18646	validation_1-merror:0.32426	validation_1-mlogloss:1.38104
[310]	validation_0-merror:0.02611	validation_0-mlogloss:0.18559	validation_1-merror:0.32424	validation_1-mlogloss:1.38071
[311]	validation_0-merror:0.02602	validation_0-mlogloss:0.18478	validation_1-merror:0.32408	validation_1-mlogloss:1.38040
[312]	validation_0-merror:0.02591	validation_0-mlogloss:0.18395	validation_1-merror:0.32382	validation_1-mlogloss:1.38011
[313]	validation_0-merror:0.02580	validation_0-mlogloss:0.18316	validation_1-merror:0.32371	validation_1-mlogloss:1.37984
[314]	validation_0-merror:0.02567	validation_0-mlogloss:0.18237	validation_1-merror:0.32365	validation_1-mlogloss:1.37959
[315]	validation_0-merror:0.02556	validation_0-mlogloss:0.18160	validation_1-merror:0.32347	validation_1-mlogloss:1.37930
[316]	validation_0-merror:0.02542	validation_0-mlogloss:0.18080	validation_1-merror:0.32351	validation_1-mlogloss:1.37905
[317]	validation_0-merror:0.02531	validation_0-mlogloss:0.18003	validation_1-merror:0.32330	validation_1-mlogloss:1.37874
[318]	validation_0-merror:0.02522	validation_0-mlogloss:0.17923	validation_1-merror:0.32341	validation_1-mlogloss:1.37846
[319]	validation_0-merror:0.02513	validation_0-mlogloss:0.17847	validation_1-merror:0.32338	validation_1-mlogloss:1.37818
[320]	validation_0-merror:0.02501	validation_0-mlogloss:0.17768	validation_1-merror:0.32343	validation_1-mlogloss:1.37793
[321]	validation_0-merror:0.02486	validation_0-mlogloss:0.17691	validation_1-merror:0.32330	validation_1-mlogloss:1.37764
[322]	validation_0-merror:0.02476	validation_0-mlogloss:0.17617	validation_1-merror:0.32345	validation_1-mlogloss:1.37740
[323]	validation_0-merror:0.02466	validation_0-mlogloss:0.17542	validation_1-merror:0.32338	validation_1-mlogloss:1.37713
[324]	validation_0-merror:0.02459	validation_0-mlogloss:0.17468	validation_1-merror:0.32310	validation_1-mlogloss:1.37689
[325]	validation_0-merror:0.02446	validation_0-mlogloss:0.17392	validation_1-merror:0.32304	validation_1-mlogloss:1.37656
[326]	validation_0-merror:0.02438	validation_0-mlogloss:0.17318	validation_1-merror:0.32317	validation_1-mlogloss:1.37630
[327]	validation_0-merror:0.02426	validation_0-mlogloss:0.17247	validation_1-merror:0.32306	validation_1-mlogloss:1.37605
[328]	validation_0-merror:0.02414	validation_0-mlogloss:0.17172	validation_1-merror:0.32304	validation_1-mlogloss:1.37577
